[INFO ] 2022-09-15 13:04:32.036 [main] EmployeeController - This is info message
[WARN ] 2022-09-15 13:04:32.041 [main] EmployeeController - This is warning meassage
[ERROR] 2022-09-15 13:04:32.041 [main] EmployeeController - This is error message
[FATAL] 2022-09-15 13:04:32.042 [main] EmployeeController - this is most conflict part
[INFO ] 2022-09-15 13:04:32.057 [main] EmployeeController - 

		   EMPLOYEE MANAGEMENT PORTAL
 
		       TRAINER PORTAL

		Enter 1 to Add     Trainer Details
		Enter 2 to View    Trainer Details
		Enter 3 to Delete  Trainer Details
		Enter 4 to Update  Trainer Details

		       TRAINEE PORTAL

		Enter 5 to Add    Trainee Details
		Enter 6 to View   Trainee Details
		Enter 7 to Delete Trainee Details
		Enter 8 to Update Trainee Details

		      Enter 9 to Exit
[INFO ] 2022-09-15 13:04:32.059 [main] EmployeeController - 
Enter your choice
[INFO ] 2022-09-15 13:08:34.995 [main] EmployeeController - This is info message
[WARN ] 2022-09-15 13:08:35.002 [main] EmployeeController - This is warning meassage
[ERROR] 2022-09-15 13:08:35.002 [main] EmployeeController - This is error message
[FATAL] 2022-09-15 13:08:35.003 [main] EmployeeController - this is most conflict part
[INFO ] 2022-09-15 13:08:35.026 [main] EmployeeController - 

		   EMPLOYEE MANAGEMENT PORTAL
 
		       TRAINER PORTAL

		Enter 1 to Add     Trainer Details
		Enter 2 to View    Trainer Details
		Enter 3 to Delete  Trainer Details
		Enter 4 to Update  Trainer Details

		       TRAINEE PORTAL

		Enter 5 to Add    Trainee Details
		Enter 6 to View   Trainee Details
		Enter 7 to Delete Trainee Details
		Enter 8 to Update Trainee Details

		      Enter 9 to Exit
[INFO ] 2022-09-15 13:08:35.026 [main] EmployeeController - 
Enter your choice
[INFO ] 2022-09-15 13:08:38.585 [main] EmployeeController - 
Enter Employee Name :
[INFO ] 2022-09-15 13:08:40.840 [main] EmployeeController - 
For Gender:
Select the option: 
1.Male 
2.Female 
3.Others 
[INFO ] 2022-09-15 13:08:44.281 [main] EmployeeController - 
Enter the EmailId :
[INFO ] 2022-09-15 13:08:50.101 [main] EmployeeController - 
Enter the Date of Birth(DD/MM/YYYY) :
[INFO ] 2022-09-15 13:08:52.602 [main] EmployeeController - 
Enter the Date of Joining :
[INFO ] 2022-09-15 13:08:53.089 [main] EmployeeController - 
Enter the Address :
[INFO ] 2022-09-15 13:08:53.632 [main] EmployeeController - 
Enter the Mobile Number :
[INFO ] 2022-09-15 13:08:55.488 [main] EmployeeController - 
Enter the Adhaar Number :
[INFO ] 2022-09-15 13:08:58.260 [main] EmployeeController - 
Enter the Department :
[INFO ] 2022-09-15 13:08:59.502 [main] EmployeeController - 
Year of Experience :
[INFO ] 2022-09-15 13:09:01.055 [main] Version - HHH000412: Hibernate ORM core version 5.6.11.Final
[INFO ] 2022-09-15 13:09:01.704 [main] Version - HCANN000001: Hibernate Commons Annotations {5.1.2.Final}
[WARN ] 2022-09-15 13:09:01.943 [main] deprecation - HHH90000012: Recognized obsolete hibernate namespace http://hibernate.sourceforge.net/hibernate-mapping. Use namespace http://www.hibernate.org/dtd/hibernate-mapping instead.  Support for obsolete DTD/XSD namespaces may be removed at any time.
[WARN ] 2022-09-15 13:09:02.571 [main] deprecation - HHH90000012: Recognized obsolete hibernate namespace http://hibernate.sourceforge.net/hibernate-mapping. Use namespace http://www.hibernate.org/dtd/hibernate-mapping instead.  Support for obsolete DTD/XSD namespaces may be removed at any time.
[WARN ] 2022-09-15 13:09:02.592 [main] deprecation - HHH90000012: Recognized obsolete hibernate namespace http://hibernate.sourceforge.net/hibernate-mapping. Use namespace http://www.hibernate.org/dtd/hibernate-mapping instead.  Support for obsolete DTD/XSD namespaces may be removed at any time.
[WARN ] 2022-09-15 13:09:02.614 [main] deprecation - HHH90000012: Recognized obsolete hibernate namespace http://hibernate.sourceforge.net/hibernate-mapping. Use namespace http://www.hibernate.org/dtd/hibernate-mapping instead.  Support for obsolete DTD/XSD namespaces may be removed at any time.
[WARN ] 2022-09-15 13:09:02.630 [main] deprecation - HHH90000012: Recognized obsolete hibernate namespace http://hibernate.sourceforge.net/hibernate-mapping. Use namespace http://www.hibernate.org/dtd/hibernate-mapping instead.  Support for obsolete DTD/XSD namespaces may be removed at any time.
[WARN ] 2022-09-15 13:09:02.680 [main] pooling - HHH10001002: Using Hibernate built-in connection pool (not for production use!)
[INFO ] 2022-09-15 13:09:02.694 [main] pooling - HHH10001005: using driver [com.mysql.jdbc.Driver] at URL [jdbc:mysql://localhost:3306/employee]
[INFO ] 2022-09-15 13:09:02.695 [main] pooling - HHH10001001: Connection properties: {password=****, user=root}
[INFO ] 2022-09-15 13:09:02.699 [main] pooling - HHH10001003: Autocommit mode: false
[INFO ] 2022-09-15 13:09:02.704 [main] DriverManagerConnectionProviderImpl - HHH000115: Hibernate connection pool size: 20 (min=1)
[INFO ] 2022-09-15 13:09:03.336 [main] Dialect - HHH000400: Using dialect: org.hibernate.dialect.MySQL5Dialect
[INFO ] 2022-09-15 13:09:04.425 [main] access - HHH10001501: Connection obtained from JdbcConnectionAccess [org.hibernate.engine.jdbc.env.internal.JdbcEnvironmentInitiator$ConnectionProviderJdbcConnectionAccess@349f3ff7] for (non-JTA) DDL execution was not in auto-commit mode; the Connection 'local transaction' will be committed and the Connection will be set into auto-commit mode.
[INFO ] 2022-09-15 13:09:04.811 [main] JtaPlatformInitiator - HHH000490: Using JtaPlatform implementation: [org.hibernate.engine.transaction.jta.platform.internal.NoJtaPlatform]
[WARN ] 2022-09-15 13:09:04.913 [main] deprecation - HHH90000022: Hibernate's legacy org.hibernate.Criteria API is deprecated; use the JPA javax.persistence.criteria.CriteriaQuery instead
[WARN ] 2022-09-15 13:09:04.969 [main] deprecation - HHH90000022: Hibernate's legacy org.hibernate.Criteria API is deprecated; use the JPA javax.persistence.criteria.CriteriaQuery instead
[INFO ] 2022-09-15 13:09:05.040 [main] pooling - HHH10001008: Cleaning up connection pool [jdbc:mysql://localhost:3306/employee]
[INFO ] 2022-09-15 13:09:05.046 [main] EmployeeController - 
For Main Menu type Yes, To exit type No
[INFO ] 2022-09-15 13:09:13.172 [main] EmployeeController - 

		   EMPLOYEE MANAGEMENT PORTAL
 
		       TRAINER PORTAL

		Enter 1 to Add     Trainer Details
		Enter 2 to View    Trainer Details
		Enter 3 to Delete  Trainer Details
		Enter 4 to Update  Trainer Details

		       TRAINEE PORTAL

		Enter 5 to Add    Trainee Details
		Enter 6 to View   Trainee Details
		Enter 7 to Delete Trainee Details
		Enter 8 to Update Trainee Details

		      Enter 9 to Exit
[INFO ] 2022-09-15 13:09:13.175 [main] EmployeeController - 
Enter your choice
[WARN ] 2022-09-15 13:09:15.013 [main] deprecation - HHH90000012: Recognized obsolete hibernate namespace http://hibernate.sourceforge.net/hibernate-mapping. Use namespace http://www.hibernate.org/dtd/hibernate-mapping instead.  Support for obsolete DTD/XSD namespaces may be removed at any time.
[WARN ] 2022-09-15 13:09:15.140 [main] deprecation - HHH90000012: Recognized obsolete hibernate namespace http://hibernate.sourceforge.net/hibernate-mapping. Use namespace http://www.hibernate.org/dtd/hibernate-mapping instead.  Support for obsolete DTD/XSD namespaces may be removed at any time.
[WARN ] 2022-09-15 13:09:15.159 [main] deprecation - HHH90000012: Recognized obsolete hibernate namespace http://hibernate.sourceforge.net/hibernate-mapping. Use namespace http://www.hibernate.org/dtd/hibernate-mapping instead.  Support for obsolete DTD/XSD namespaces may be removed at any time.
[WARN ] 2022-09-15 13:09:15.180 [main] deprecation - HHH90000012: Recognized obsolete hibernate namespace http://hibernate.sourceforge.net/hibernate-mapping. Use namespace http://www.hibernate.org/dtd/hibernate-mapping instead.  Support for obsolete DTD/XSD namespaces may be removed at any time.
[WARN ] 2022-09-15 13:09:15.206 [main] deprecation - HHH90000012: Recognized obsolete hibernate namespace http://hibernate.sourceforge.net/hibernate-mapping. Use namespace http://www.hibernate.org/dtd/hibernate-mapping instead.  Support for obsolete DTD/XSD namespaces may be removed at any time.
[WARN ] 2022-09-15 13:09:15.219 [main] pooling - HHH10001002: Using Hibernate built-in connection pool (not for production use!)
[INFO ] 2022-09-15 13:09:15.221 [main] pooling - HHH10001005: using driver [com.mysql.jdbc.Driver] at URL [jdbc:mysql://localhost:3306/employee]
[INFO ] 2022-09-15 13:09:15.222 [main] pooling - HHH10001001: Connection properties: {password=****, user=root}
[INFO ] 2022-09-15 13:09:15.225 [main] pooling - HHH10001003: Autocommit mode: false
[INFO ] 2022-09-15 13:09:15.226 [main] DriverManagerConnectionProviderImpl - HHH000115: Hibernate connection pool size: 20 (min=1)
[INFO ] 2022-09-15 13:09:15.276 [main] Dialect - HHH000400: Using dialect: org.hibernate.dialect.MySQL5Dialect
[INFO ] 2022-09-15 13:09:15.433 [main] access - HHH10001501: Connection obtained from JdbcConnectionAccess [org.hibernate.engine.jdbc.env.internal.JdbcEnvironmentInitiator$ConnectionProviderJdbcConnectionAccess@615c4ea4] for (non-JTA) DDL execution was not in auto-commit mode; the Connection 'local transaction' will be committed and the Connection will be set into auto-commit mode.
[INFO ] 2022-09-15 13:09:15.711 [main] JtaPlatformInitiator - HHH000490: Using JtaPlatform implementation: [org.hibernate.engine.transaction.jta.platform.internal.NoJtaPlatform]
[WARN ] 2022-09-15 13:09:15.876 [main] deprecation - HHH90000012: Recognized obsolete hibernate namespace http://hibernate.sourceforge.net/hibernate-mapping. Use namespace http://www.hibernate.org/dtd/hibernate-mapping instead.  Support for obsolete DTD/XSD namespaces may be removed at any time.
[WARN ] 2022-09-15 13:09:15.975 [main] deprecation - HHH90000012: Recognized obsolete hibernate namespace http://hibernate.sourceforge.net/hibernate-mapping. Use namespace http://www.hibernate.org/dtd/hibernate-mapping instead.  Support for obsolete DTD/XSD namespaces may be removed at any time.
[WARN ] 2022-09-15 13:09:15.988 [main] deprecation - HHH90000012: Recognized obsolete hibernate namespace http://hibernate.sourceforge.net/hibernate-mapping. Use namespace http://www.hibernate.org/dtd/hibernate-mapping instead.  Support for obsolete DTD/XSD namespaces may be removed at any time.
[WARN ] 2022-09-15 13:09:16.004 [main] deprecation - HHH90000012: Recognized obsolete hibernate namespace http://hibernate.sourceforge.net/hibernate-mapping. Use namespace http://www.hibernate.org/dtd/hibernate-mapping instead.  Support for obsolete DTD/XSD namespaces may be removed at any time.
[WARN ] 2022-09-15 13:09:16.017 [main] deprecation - HHH90000012: Recognized obsolete hibernate namespace http://hibernate.sourceforge.net/hibernate-mapping. Use namespace http://www.hibernate.org/dtd/hibernate-mapping instead.  Support for obsolete DTD/XSD namespaces may be removed at any time.
[WARN ] 2022-09-15 13:09:16.030 [main] pooling - HHH10001002: Using Hibernate built-in connection pool (not for production use!)
[INFO ] 2022-09-15 13:09:16.032 [main] pooling - HHH10001005: using driver [com.mysql.jdbc.Driver] at URL [jdbc:mysql://localhost:3306/employee]
[INFO ] 2022-09-15 13:09:16.035 [main] pooling - HHH10001001: Connection properties: {password=****, user=root}
[INFO ] 2022-09-15 13:09:16.036 [main] pooling - HHH10001003: Autocommit mode: false
[INFO ] 2022-09-15 13:09:16.037 [main] DriverManagerConnectionProviderImpl - HHH000115: Hibernate connection pool size: 20 (min=1)
[INFO ] 2022-09-15 13:09:16.074 [main] Dialect - HHH000400: Using dialect: org.hibernate.dialect.MySQL5Dialect
[INFO ] 2022-09-15 13:09:16.190 [main] access - HHH10001501: Connection obtained from JdbcConnectionAccess [org.hibernate.engine.jdbc.env.internal.JdbcEnvironmentInitiator$ConnectionProviderJdbcConnectionAccess@4a2dbcfc] for (non-JTA) DDL execution was not in auto-commit mode; the Connection 'local transaction' will be committed and the Connection will be set into auto-commit mode.
[INFO ] 2022-09-15 13:09:16.432 [main] JtaPlatformInitiator - HHH000490: Using JtaPlatform implementation: [org.hibernate.engine.transaction.jta.platform.internal.NoJtaPlatform]
[WARN ] 2022-09-15 13:09:16.462 [main] deprecation - HHH90000012: Recognized obsolete hibernate namespace http://hibernate.sourceforge.net/hibernate-mapping. Use namespace http://www.hibernate.org/dtd/hibernate-mapping instead.  Support for obsolete DTD/XSD namespaces may be removed at any time.
[WARN ] 2022-09-15 13:09:16.544 [main] deprecation - HHH90000012: Recognized obsolete hibernate namespace http://hibernate.sourceforge.net/hibernate-mapping. Use namespace http://www.hibernate.org/dtd/hibernate-mapping instead.  Support for obsolete DTD/XSD namespaces may be removed at any time.
[WARN ] 2022-09-15 13:09:16.559 [main] deprecation - HHH90000012: Recognized obsolete hibernate namespace http://hibernate.sourceforge.net/hibernate-mapping. Use namespace http://www.hibernate.org/dtd/hibernate-mapping instead.  Support for obsolete DTD/XSD namespaces may be removed at any time.
[WARN ] 2022-09-15 13:09:16.571 [main] deprecation - HHH90000012: Recognized obsolete hibernate namespace http://hibernate.sourceforge.net/hibernate-mapping. Use namespace http://www.hibernate.org/dtd/hibernate-mapping instead.  Support for obsolete DTD/XSD namespaces may be removed at any time.
[WARN ] 2022-09-15 13:09:16.582 [main] deprecation - HHH90000012: Recognized obsolete hibernate namespace http://hibernate.sourceforge.net/hibernate-mapping. Use namespace http://www.hibernate.org/dtd/hibernate-mapping instead.  Support for obsolete DTD/XSD namespaces may be removed at any time.
[WARN ] 2022-09-15 13:09:16.591 [main] pooling - HHH10001002: Using Hibernate built-in connection pool (not for production use!)
[INFO ] 2022-09-15 13:09:16.592 [main] pooling - HHH10001005: using driver [com.mysql.jdbc.Driver] at URL [jdbc:mysql://localhost:3306/employee]
[INFO ] 2022-09-15 13:09:16.594 [main] pooling - HHH10001001: Connection properties: {password=****, user=root}
[INFO ] 2022-09-15 13:09:16.595 [main] pooling - HHH10001003: Autocommit mode: false
[INFO ] 2022-09-15 13:09:16.595 [main] DriverManagerConnectionProviderImpl - HHH000115: Hibernate connection pool size: 20 (min=1)
[INFO ] 2022-09-15 13:09:16.638 [main] Dialect - HHH000400: Using dialect: org.hibernate.dialect.MySQL5Dialect
[INFO ] 2022-09-15 13:09:16.738 [main] access - HHH10001501: Connection obtained from JdbcConnectionAccess [org.hibernate.engine.jdbc.env.internal.JdbcEnvironmentInitiator$ConnectionProviderJdbcConnectionAccess@4e933cf1] for (non-JTA) DDL execution was not in auto-commit mode; the Connection 'local transaction' will be committed and the Connection will be set into auto-commit mode.
[INFO ] 2022-09-15 13:09:16.933 [main] JtaPlatformInitiator - HHH000490: Using JtaPlatform implementation: [org.hibernate.engine.transaction.jta.platform.internal.NoJtaPlatform]
[INFO ] 2022-09-15 13:09:16.972 [main] EmployeeController - 

Trainer Details

Employee Name      :syed
Emp Id             :1
Gender             :male
Qualification      :msc
Email Id           :syed@gmail.com
Date of Joining    :wded
Address            :wdefd
Phone Number       :9123456789
Adhaar Number      :123456789012
Department         :cse
Trainer Experience :11
[INFO ] 2022-09-15 13:09:16.984 [main] EmployeeController - 

Trainer Details

Employee Name      :velu
Emp Id             :2
Gender             :male
Qualification      :msc
Email Id           :swde@gmail.com
Date of Joining    :edef
Address            :wdef
Phone Number       :9123456789
Adhaar Number      :123456789012
Department         :swderc
Trainer Experience :21
[INFO ] 2022-09-15 13:09:16.990 [main] EmployeeController - 

Trainer Details

Employee Name      :syed
Emp Id             :4
Gender             :male
Qualification      :msc
Email Id           :asd@gmail.com
Date of Joining    :df
Address            :df
Phone Number       :9123456789
Adhaar Number      :123456789012
Department         :sd
Trainer Experience :21
[INFO ] 2022-09-15 13:09:17.008 [main] EmployeeController - 

Trainer Details

Employee Name      :ruban
Emp Id             :6
Gender             :male
Qualification      :be
Email Id           :rubaaa@gmail.com
Date of Joining    :sde
Address            :sdefr
Phone Number       :9123456789
Adhaar Number      :123456789012
Department         :ece
Trainer Experience :11
[INFO ] 2022-09-15 13:09:17.009 [main] EmployeeController - 
For Main Menu type Yes, To exit type No
[INFO ] 2022-09-15 14:33:21.692 [main] EmployeeController - This is info message
[WARN ] 2022-09-15 14:33:21.697 [main] EmployeeController - This is warning meassage
[ERROR] 2022-09-15 14:33:21.699 [main] EmployeeController - This is error message
[FATAL] 2022-09-15 14:33:21.700 [main] EmployeeController - this is most conflict part
[INFO ] 2022-09-15 14:33:21.722 [main] EmployeeController - 

		   EMPLOYEE MANAGEMENT PORTAL
 
		       TRAINER PORTAL

		Enter 1 to Add     Trainer Details
		Enter 2 to View    Trainer Details
		Enter 3 to Delete  Trainer Details
		Enter 4 to Update  Trainer Details

		       TRAINEE PORTAL

		Enter 5 to Add    Trainee Details
		Enter 6 to View   Trainee Details
		Enter 7 to Delete Trainee Details
		Enter 8 to Update Trainee Details

		      Enter 9 to Exit
[INFO ] 2022-09-15 14:33:21.723 [main] EmployeeController - 
Enter your choice
[INFO ] 2022-09-15 14:33:24.076 [main] Version - HHH000412: Hibernate ORM core version 5.6.11.Final
[INFO ] 2022-09-15 14:33:24.730 [main] Version - HCANN000001: Hibernate Commons Annotations {5.1.2.Final}
[WARN ] 2022-09-15 14:33:24.992 [main] deprecation - HHH90000012: Recognized obsolete hibernate namespace http://hibernate.sourceforge.net/hibernate-mapping. Use namespace http://www.hibernate.org/dtd/hibernate-mapping instead.  Support for obsolete DTD/XSD namespaces may be removed at any time.
[WARN ] 2022-09-15 14:33:25.637 [main] deprecation - HHH90000012: Recognized obsolete hibernate namespace http://hibernate.sourceforge.net/hibernate-mapping. Use namespace http://www.hibernate.org/dtd/hibernate-mapping instead.  Support for obsolete DTD/XSD namespaces may be removed at any time.
[WARN ] 2022-09-15 14:33:25.662 [main] deprecation - HHH90000012: Recognized obsolete hibernate namespace http://hibernate.sourceforge.net/hibernate-mapping. Use namespace http://www.hibernate.org/dtd/hibernate-mapping instead.  Support for obsolete DTD/XSD namespaces may be removed at any time.
[WARN ] 2022-09-15 14:33:25.685 [main] deprecation - HHH90000012: Recognized obsolete hibernate namespace http://hibernate.sourceforge.net/hibernate-mapping. Use namespace http://www.hibernate.org/dtd/hibernate-mapping instead.  Support for obsolete DTD/XSD namespaces may be removed at any time.
[WARN ] 2022-09-15 14:33:25.701 [main] deprecation - HHH90000012: Recognized obsolete hibernate namespace http://hibernate.sourceforge.net/hibernate-mapping. Use namespace http://www.hibernate.org/dtd/hibernate-mapping instead.  Support for obsolete DTD/XSD namespaces may be removed at any time.
[WARN ] 2022-09-15 14:33:25.757 [main] pooling - HHH10001002: Using Hibernate built-in connection pool (not for production use!)
[INFO ] 2022-09-15 14:33:25.766 [main] pooling - HHH10001005: using driver [com.mysql.jdbc.Driver] at URL [jdbc:mysql://localhost:3306/employee]
[INFO ] 2022-09-15 14:33:25.767 [main] pooling - HHH10001001: Connection properties: {password=****, user=root}
[INFO ] 2022-09-15 14:33:25.772 [main] pooling - HHH10001003: Autocommit mode: false
[INFO ] 2022-09-15 14:33:25.779 [main] DriverManagerConnectionProviderImpl - HHH000115: Hibernate connection pool size: 20 (min=1)
[INFO ] 2022-09-15 14:33:26.368 [main] Dialect - HHH000400: Using dialect: org.hibernate.dialect.MySQL5Dialect
[INFO ] 2022-09-15 14:33:27.299 [main] access - HHH10001501: Connection obtained from JdbcConnectionAccess [org.hibernate.engine.jdbc.env.internal.JdbcEnvironmentInitiator$ConnectionProviderJdbcConnectionAccess@5aa7cfdf] for (non-JTA) DDL execution was not in auto-commit mode; the Connection 'local transaction' will be committed and the Connection will be set into auto-commit mode.
[INFO ] 2022-09-15 14:33:27.632 [main] JtaPlatformInitiator - HHH000490: Using JtaPlatform implementation: [org.hibernate.engine.transaction.jta.platform.internal.NoJtaPlatform]
[WARN ] 2022-09-15 14:33:27.942 [main] deprecation - HHH90000012: Recognized obsolete hibernate namespace http://hibernate.sourceforge.net/hibernate-mapping. Use namespace http://www.hibernate.org/dtd/hibernate-mapping instead.  Support for obsolete DTD/XSD namespaces may be removed at any time.
[WARN ] 2022-09-15 14:33:28.053 [main] deprecation - HHH90000012: Recognized obsolete hibernate namespace http://hibernate.sourceforge.net/hibernate-mapping. Use namespace http://www.hibernate.org/dtd/hibernate-mapping instead.  Support for obsolete DTD/XSD namespaces may be removed at any time.
[WARN ] 2022-09-15 14:33:28.069 [main] deprecation - HHH90000012: Recognized obsolete hibernate namespace http://hibernate.sourceforge.net/hibernate-mapping. Use namespace http://www.hibernate.org/dtd/hibernate-mapping instead.  Support for obsolete DTD/XSD namespaces may be removed at any time.
[WARN ] 2022-09-15 14:33:28.083 [main] deprecation - HHH90000012: Recognized obsolete hibernate namespace http://hibernate.sourceforge.net/hibernate-mapping. Use namespace http://www.hibernate.org/dtd/hibernate-mapping instead.  Support for obsolete DTD/XSD namespaces may be removed at any time.
[WARN ] 2022-09-15 14:33:28.091 [main] deprecation - HHH90000012: Recognized obsolete hibernate namespace http://hibernate.sourceforge.net/hibernate-mapping. Use namespace http://www.hibernate.org/dtd/hibernate-mapping instead.  Support for obsolete DTD/XSD namespaces may be removed at any time.
[WARN ] 2022-09-15 14:33:28.109 [main] pooling - HHH10001002: Using Hibernate built-in connection pool (not for production use!)
[INFO ] 2022-09-15 14:33:28.109 [main] pooling - HHH10001005: using driver [com.mysql.jdbc.Driver] at URL [jdbc:mysql://localhost:3306/employee]
[INFO ] 2022-09-15 14:33:28.109 [main] pooling - HHH10001001: Connection properties: {password=****, user=root}
[INFO ] 2022-09-15 14:33:28.109 [main] pooling - HHH10001003: Autocommit mode: false
[INFO ] 2022-09-15 14:33:28.109 [main] DriverManagerConnectionProviderImpl - HHH000115: Hibernate connection pool size: 20 (min=1)
[INFO ] 2022-09-15 14:33:28.169 [main] Dialect - HHH000400: Using dialect: org.hibernate.dialect.MySQL5Dialect
[INFO ] 2022-09-15 14:33:28.307 [main] access - HHH10001501: Connection obtained from JdbcConnectionAccess [org.hibernate.engine.jdbc.env.internal.JdbcEnvironmentInitiator$ConnectionProviderJdbcConnectionAccess@38b54694] for (non-JTA) DDL execution was not in auto-commit mode; the Connection 'local transaction' will be committed and the Connection will be set into auto-commit mode.
[INFO ] 2022-09-15 14:33:28.552 [main] JtaPlatformInitiator - HHH000490: Using JtaPlatform implementation: [org.hibernate.engine.transaction.jta.platform.internal.NoJtaPlatform]
[WARN ] 2022-09-15 14:33:28.581 [main] deprecation - HHH90000012: Recognized obsolete hibernate namespace http://hibernate.sourceforge.net/hibernate-mapping. Use namespace http://www.hibernate.org/dtd/hibernate-mapping instead.  Support for obsolete DTD/XSD namespaces may be removed at any time.
[WARN ] 2022-09-15 14:33:28.674 [main] deprecation - HHH90000012: Recognized obsolete hibernate namespace http://hibernate.sourceforge.net/hibernate-mapping. Use namespace http://www.hibernate.org/dtd/hibernate-mapping instead.  Support for obsolete DTD/XSD namespaces may be removed at any time.
[WARN ] 2022-09-15 14:33:28.691 [main] deprecation - HHH90000012: Recognized obsolete hibernate namespace http://hibernate.sourceforge.net/hibernate-mapping. Use namespace http://www.hibernate.org/dtd/hibernate-mapping instead.  Support for obsolete DTD/XSD namespaces may be removed at any time.
[WARN ] 2022-09-15 14:33:28.699 [main] deprecation - HHH90000012: Recognized obsolete hibernate namespace http://hibernate.sourceforge.net/hibernate-mapping. Use namespace http://www.hibernate.org/dtd/hibernate-mapping instead.  Support for obsolete DTD/XSD namespaces may be removed at any time.
[WARN ] 2022-09-15 14:33:28.716 [main] deprecation - HHH90000012: Recognized obsolete hibernate namespace http://hibernate.sourceforge.net/hibernate-mapping. Use namespace http://www.hibernate.org/dtd/hibernate-mapping instead.  Support for obsolete DTD/XSD namespaces may be removed at any time.
[WARN ] 2022-09-15 14:33:28.727 [main] pooling - HHH10001002: Using Hibernate built-in connection pool (not for production use!)
[INFO ] 2022-09-15 14:33:28.729 [main] pooling - HHH10001005: using driver [com.mysql.jdbc.Driver] at URL [jdbc:mysql://localhost:3306/employee]
[INFO ] 2022-09-15 14:33:28.731 [main] pooling - HHH10001001: Connection properties: {password=****, user=root}
[INFO ] 2022-09-15 14:33:28.731 [main] pooling - HHH10001003: Autocommit mode: false
[INFO ] 2022-09-15 14:33:28.731 [main] DriverManagerConnectionProviderImpl - HHH000115: Hibernate connection pool size: 20 (min=1)
[INFO ] 2022-09-15 14:33:28.774 [main] Dialect - HHH000400: Using dialect: org.hibernate.dialect.MySQL5Dialect
[INFO ] 2022-09-15 14:33:28.888 [main] access - HHH10001501: Connection obtained from JdbcConnectionAccess [org.hibernate.engine.jdbc.env.internal.JdbcEnvironmentInitiator$ConnectionProviderJdbcConnectionAccess@7305cfb1] for (non-JTA) DDL execution was not in auto-commit mode; the Connection 'local transaction' will be committed and the Connection will be set into auto-commit mode.
[INFO ] 2022-09-15 14:33:29.110 [main] JtaPlatformInitiator - HHH000490: Using JtaPlatform implementation: [org.hibernate.engine.transaction.jta.platform.internal.NoJtaPlatform]
[INFO ] 2022-09-15 14:33:29.158 [main] EmployeeController - 

Trainer Details

Employee Name      :syed
Emp Id             :1
Gender             :male
Qualification      :msc
Email Id           :syed@gmail.com
Date of Joining    :wded
Address            :wdefd
Phone Number       :9123456789
Adhaar Number      :123456789012
Department         :cse
Trainer Experience :11
[INFO ] 2022-09-15 14:33:29.168 [main] EmployeeController - 

Trainer Details

Employee Name      :velu
Emp Id             :2
Gender             :male
Qualification      :msc
Email Id           :swde@gmail.com
Date of Joining    :edef
Address            :wdef
Phone Number       :9123456789
Adhaar Number      :123456789012
Department         :swderc
Trainer Experience :21
[INFO ] 2022-09-15 14:33:29.180 [main] EmployeeController - 

Trainer Details

Employee Name      :syed
Emp Id             :4
Gender             :male
Qualification      :msc
Email Id           :asd@gmail.com
Date of Joining    :df
Address            :df
Phone Number       :9123456789
Adhaar Number      :123456789012
Department         :sd
Trainer Experience :21
[INFO ] 2022-09-15 14:33:29.191 [main] EmployeeController - 

Trainer Details

Employee Name      :ruban
Emp Id             :6
Gender             :male
Qualification      :be
Email Id           :rubaaa@gmail.com
Date of Joining    :sde
Address            :sdefr
Phone Number       :9123456789
Adhaar Number      :123456789012
Department         :ece
Trainer Experience :11
[INFO ] 2022-09-15 14:33:29.194 [main] EmployeeController - 
For Main Menu type Yes, To exit type No
[INFO ] 2022-09-15 14:33:35.089 [main] EmployeeController - 

		   EMPLOYEE MANAGEMENT PORTAL
 
		       TRAINER PORTAL

		Enter 1 to Add     Trainer Details
		Enter 2 to View    Trainer Details
		Enter 3 to Delete  Trainer Details
		Enter 4 to Update  Trainer Details

		       TRAINEE PORTAL

		Enter 5 to Add    Trainee Details
		Enter 6 to View   Trainee Details
		Enter 7 to Delete Trainee Details
		Enter 8 to Update Trainee Details

		      Enter 9 to Exit
[INFO ] 2022-09-15 14:33:35.091 [main] EmployeeController - 
Enter your choice
[INFO ] 2022-09-15 14:33:37.711 [main] EmployeeController - Enter the employee Id
[WARN ] 2022-09-15 14:33:39.540 [main] deprecation - HHH90000012: Recognized obsolete hibernate namespace http://hibernate.sourceforge.net/hibernate-mapping. Use namespace http://www.hibernate.org/dtd/hibernate-mapping instead.  Support for obsolete DTD/XSD namespaces may be removed at any time.
[WARN ] 2022-09-15 14:33:39.624 [main] deprecation - HHH90000012: Recognized obsolete hibernate namespace http://hibernate.sourceforge.net/hibernate-mapping. Use namespace http://www.hibernate.org/dtd/hibernate-mapping instead.  Support for obsolete DTD/XSD namespaces may be removed at any time.
[WARN ] 2022-09-15 14:33:39.637 [main] deprecation - HHH90000012: Recognized obsolete hibernate namespace http://hibernate.sourceforge.net/hibernate-mapping. Use namespace http://www.hibernate.org/dtd/hibernate-mapping instead.  Support for obsolete DTD/XSD namespaces may be removed at any time.
[WARN ] 2022-09-15 14:33:39.641 [main] deprecation - HHH90000012: Recognized obsolete hibernate namespace http://hibernate.sourceforge.net/hibernate-mapping. Use namespace http://www.hibernate.org/dtd/hibernate-mapping instead.  Support for obsolete DTD/XSD namespaces may be removed at any time.
[WARN ] 2022-09-15 14:33:39.658 [main] deprecation - HHH90000012: Recognized obsolete hibernate namespace http://hibernate.sourceforge.net/hibernate-mapping. Use namespace http://www.hibernate.org/dtd/hibernate-mapping instead.  Support for obsolete DTD/XSD namespaces may be removed at any time.
[WARN ] 2022-09-15 14:33:39.659 [main] pooling - HHH10001002: Using Hibernate built-in connection pool (not for production use!)
[INFO ] 2022-09-15 14:33:39.671 [main] pooling - HHH10001005: using driver [com.mysql.jdbc.Driver] at URL [jdbc:mysql://localhost:3306/employee]
[INFO ] 2022-09-15 14:33:39.674 [main] pooling - HHH10001001: Connection properties: {password=****, user=root}
[INFO ] 2022-09-15 14:33:39.674 [main] pooling - HHH10001003: Autocommit mode: false
[INFO ] 2022-09-15 14:33:39.680 [main] DriverManagerConnectionProviderImpl - HHH000115: Hibernate connection pool size: 20 (min=1)
[INFO ] 2022-09-15 14:33:39.722 [main] Dialect - HHH000400: Using dialect: org.hibernate.dialect.MySQL5Dialect
[INFO ] 2022-09-15 14:33:39.823 [main] access - HHH10001501: Connection obtained from JdbcConnectionAccess [org.hibernate.engine.jdbc.env.internal.JdbcEnvironmentInitiator$ConnectionProviderJdbcConnectionAccess@75adb1c0] for (non-JTA) DDL execution was not in auto-commit mode; the Connection 'local transaction' will be committed and the Connection will be set into auto-commit mode.
[INFO ] 2022-09-15 14:33:40.050 [main] JtaPlatformInitiator - HHH000490: Using JtaPlatform implementation: [org.hibernate.engine.transaction.jta.platform.internal.NoJtaPlatform]
[INFO ] 2022-09-15 14:33:40.072 [main] EmployeeController - 
Enter 1 to update EmailId
[INFO ] 2022-09-15 14:33:40.073 [main] EmployeeController - Enter 2 to update Address
[INFO ] 2022-09-15 14:33:40.073 [main] EmployeeController - Enter 3 to update Phone Number
[INFO ] 2022-09-15 14:34:16.965 [main] EmployeeController - Enter Email Id
[INFO ] 2022-09-15 14:34:18.249 [main] EmployeeController - 
For Main Menu type Yes, To exit type No
[INFO ] 2022-09-15 14:34:21.823 [main] EmployeeController - 

		   EMPLOYEE MANAGEMENT PORTAL
 
		       TRAINER PORTAL

		Enter 1 to Add     Trainer Details
		Enter 2 to View    Trainer Details
		Enter 3 to Delete  Trainer Details
		Enter 4 to Update  Trainer Details

		       TRAINEE PORTAL

		Enter 5 to Add    Trainee Details
		Enter 6 to View   Trainee Details
		Enter 7 to Delete Trainee Details
		Enter 8 to Update Trainee Details

		      Enter 9 to Exit
[INFO ] 2022-09-15 14:34:21.825 [main] EmployeeController - 
Enter your choice
[INFO ] 2022-09-15 14:34:24.666 [main] EmployeeController - Enter the employee Id
[WARN ] 2022-09-15 14:34:25.166 [main] deprecation - HHH90000012: Recognized obsolete hibernate namespace http://hibernate.sourceforge.net/hibernate-mapping. Use namespace http://www.hibernate.org/dtd/hibernate-mapping instead.  Support for obsolete DTD/XSD namespaces may be removed at any time.
[WARN ] 2022-09-15 14:34:25.264 [main] deprecation - HHH90000012: Recognized obsolete hibernate namespace http://hibernate.sourceforge.net/hibernate-mapping. Use namespace http://www.hibernate.org/dtd/hibernate-mapping instead.  Support for obsolete DTD/XSD namespaces may be removed at any time.
[WARN ] 2022-09-15 14:34:25.269 [main] deprecation - HHH90000012: Recognized obsolete hibernate namespace http://hibernate.sourceforge.net/hibernate-mapping. Use namespace http://www.hibernate.org/dtd/hibernate-mapping instead.  Support for obsolete DTD/XSD namespaces may be removed at any time.
[WARN ] 2022-09-15 14:34:25.288 [main] deprecation - HHH90000012: Recognized obsolete hibernate namespace http://hibernate.sourceforge.net/hibernate-mapping. Use namespace http://www.hibernate.org/dtd/hibernate-mapping instead.  Support for obsolete DTD/XSD namespaces may be removed at any time.
[WARN ] 2022-09-15 14:34:25.289 [main] deprecation - HHH90000012: Recognized obsolete hibernate namespace http://hibernate.sourceforge.net/hibernate-mapping. Use namespace http://www.hibernate.org/dtd/hibernate-mapping instead.  Support for obsolete DTD/XSD namespaces may be removed at any time.
[WARN ] 2022-09-15 14:34:25.308 [main] pooling - HHH10001002: Using Hibernate built-in connection pool (not for production use!)
[INFO ] 2022-09-15 14:34:25.308 [main] pooling - HHH10001005: using driver [com.mysql.jdbc.Driver] at URL [jdbc:mysql://localhost:3306/employee]
[INFO ] 2022-09-15 14:34:25.310 [main] pooling - HHH10001001: Connection properties: {password=****, user=root}
[INFO ] 2022-09-15 14:34:25.315 [main] pooling - HHH10001003: Autocommit mode: false
[INFO ] 2022-09-15 14:34:25.316 [main] DriverManagerConnectionProviderImpl - HHH000115: Hibernate connection pool size: 20 (min=1)
[INFO ] 2022-09-15 14:34:25.353 [main] Dialect - HHH000400: Using dialect: org.hibernate.dialect.MySQL5Dialect
[INFO ] 2022-09-15 14:34:25.454 [main] access - HHH10001501: Connection obtained from JdbcConnectionAccess [org.hibernate.engine.jdbc.env.internal.JdbcEnvironmentInitiator$ConnectionProviderJdbcConnectionAccess@4229b92c] for (non-JTA) DDL execution was not in auto-commit mode; the Connection 'local transaction' will be committed and the Connection will be set into auto-commit mode.
[INFO ] 2022-09-15 14:34:25.710 [main] JtaPlatformInitiator - HHH000490: Using JtaPlatform implementation: [org.hibernate.engine.transaction.jta.platform.internal.NoJtaPlatform]
[INFO ] 2022-09-15 14:34:25.727 [main] EmployeeController - 
Enter 1 to update EmailId
[INFO ] 2022-09-15 14:34:25.729 [main] EmployeeController - Enter 2 to update Address
[INFO ] 2022-09-15 14:34:25.730 [main] EmployeeController - Enter 3 to update Phone Number
[INFO ] 2022-09-15 14:34:27.765 [main] EmployeeController - Enter Email Id
[WARN ] 2022-09-15 14:34:58.112 [main] deprecation - HHH90000012: Recognized obsolete hibernate namespace http://hibernate.sourceforge.net/hibernate-mapping. Use namespace http://www.hibernate.org/dtd/hibernate-mapping instead.  Support for obsolete DTD/XSD namespaces may be removed at any time.
[WARN ] 2022-09-15 14:34:58.210 [main] deprecation - HHH90000012: Recognized obsolete hibernate namespace http://hibernate.sourceforge.net/hibernate-mapping. Use namespace http://www.hibernate.org/dtd/hibernate-mapping instead.  Support for obsolete DTD/XSD namespaces may be removed at any time.
[WARN ] 2022-09-15 14:34:58.221 [main] deprecation - HHH90000012: Recognized obsolete hibernate namespace http://hibernate.sourceforge.net/hibernate-mapping. Use namespace http://www.hibernate.org/dtd/hibernate-mapping instead.  Support for obsolete DTD/XSD namespaces may be removed at any time.
[WARN ] 2022-09-15 14:34:58.228 [main] deprecation - HHH90000012: Recognized obsolete hibernate namespace http://hibernate.sourceforge.net/hibernate-mapping. Use namespace http://www.hibernate.org/dtd/hibernate-mapping instead.  Support for obsolete DTD/XSD namespaces may be removed at any time.
[WARN ] 2022-09-15 14:34:58.236 [main] deprecation - HHH90000012: Recognized obsolete hibernate namespace http://hibernate.sourceforge.net/hibernate-mapping. Use namespace http://www.hibernate.org/dtd/hibernate-mapping instead.  Support for obsolete DTD/XSD namespaces may be removed at any time.
[WARN ] 2022-09-15 14:34:58.243 [main] pooling - HHH10001002: Using Hibernate built-in connection pool (not for production use!)
[INFO ] 2022-09-15 14:34:58.245 [main] pooling - HHH10001005: using driver [com.mysql.jdbc.Driver] at URL [jdbc:mysql://localhost:3306/employee]
[INFO ] 2022-09-15 14:34:58.246 [main] pooling - HHH10001001: Connection properties: {password=****, user=root}
[INFO ] 2022-09-15 14:34:58.250 [main] pooling - HHH10001003: Autocommit mode: false
[INFO ] 2022-09-15 14:34:58.252 [main] DriverManagerConnectionProviderImpl - HHH000115: Hibernate connection pool size: 20 (min=1)
[INFO ] 2022-09-15 14:34:58.297 [main] Dialect - HHH000400: Using dialect: org.hibernate.dialect.MySQL5Dialect
[INFO ] 2022-09-15 14:34:58.400 [main] access - HHH10001501: Connection obtained from JdbcConnectionAccess [org.hibernate.engine.jdbc.env.internal.JdbcEnvironmentInitiator$ConnectionProviderJdbcConnectionAccess@7cc3a7f7] for (non-JTA) DDL execution was not in auto-commit mode; the Connection 'local transaction' will be committed and the Connection will be set into auto-commit mode.
[INFO ] 2022-09-15 14:34:58.670 [main] JtaPlatformInitiator - HHH000490: Using JtaPlatform implementation: [org.hibernate.engine.transaction.jta.platform.internal.NoJtaPlatform]
[INFO ] 2022-09-15 14:34:58.717 [main] EmployeeController - 
For Main Menu type Yes, To exit type No
[INFO ] 2022-09-15 14:35:23.222 [main] EmployeeController - 

		   EMPLOYEE MANAGEMENT PORTAL
 
		       TRAINER PORTAL

		Enter 1 to Add     Trainer Details
		Enter 2 to View    Trainer Details
		Enter 3 to Delete  Trainer Details
		Enter 4 to Update  Trainer Details

		       TRAINEE PORTAL

		Enter 5 to Add    Trainee Details
		Enter 6 to View   Trainee Details
		Enter 7 to Delete Trainee Details
		Enter 8 to Update Trainee Details

		      Enter 9 to Exit
[INFO ] 2022-09-15 14:35:23.223 [main] EmployeeController - 
Enter your choice
[WARN ] 2022-09-15 14:35:24.975 [main] deprecation - HHH90000012: Recognized obsolete hibernate namespace http://hibernate.sourceforge.net/hibernate-mapping. Use namespace http://www.hibernate.org/dtd/hibernate-mapping instead.  Support for obsolete DTD/XSD namespaces may be removed at any time.
[WARN ] 2022-09-15 14:35:25.035 [main] deprecation - HHH90000012: Recognized obsolete hibernate namespace http://hibernate.sourceforge.net/hibernate-mapping. Use namespace http://www.hibernate.org/dtd/hibernate-mapping instead.  Support for obsolete DTD/XSD namespaces may be removed at any time.
[WARN ] 2022-09-15 14:35:25.046 [main] deprecation - HHH90000012: Recognized obsolete hibernate namespace http://hibernate.sourceforge.net/hibernate-mapping. Use namespace http://www.hibernate.org/dtd/hibernate-mapping instead.  Support for obsolete DTD/XSD namespaces may be removed at any time.
[WARN ] 2022-09-15 14:35:25.052 [main] deprecation - HHH90000012: Recognized obsolete hibernate namespace http://hibernate.sourceforge.net/hibernate-mapping. Use namespace http://www.hibernate.org/dtd/hibernate-mapping instead.  Support for obsolete DTD/XSD namespaces may be removed at any time.
[WARN ] 2022-09-15 14:35:25.062 [main] deprecation - HHH90000012: Recognized obsolete hibernate namespace http://hibernate.sourceforge.net/hibernate-mapping. Use namespace http://www.hibernate.org/dtd/hibernate-mapping instead.  Support for obsolete DTD/XSD namespaces may be removed at any time.
[WARN ] 2022-09-15 14:35:25.072 [main] pooling - HHH10001002: Using Hibernate built-in connection pool (not for production use!)
[INFO ] 2022-09-15 14:35:25.074 [main] pooling - HHH10001005: using driver [com.mysql.jdbc.Driver] at URL [jdbc:mysql://localhost:3306/employee]
[INFO ] 2022-09-15 14:35:25.075 [main] pooling - HHH10001001: Connection properties: {password=****, user=root}
[INFO ] 2022-09-15 14:35:25.078 [main] pooling - HHH10001003: Autocommit mode: false
[INFO ] 2022-09-15 14:35:25.080 [main] DriverManagerConnectionProviderImpl - HHH000115: Hibernate connection pool size: 20 (min=1)
[INFO ] 2022-09-15 14:35:25.121 [main] Dialect - HHH000400: Using dialect: org.hibernate.dialect.MySQL5Dialect
[INFO ] 2022-09-15 14:35:25.205 [main] access - HHH10001501: Connection obtained from JdbcConnectionAccess [org.hibernate.engine.jdbc.env.internal.JdbcEnvironmentInitiator$ConnectionProviderJdbcConnectionAccess@54ddd7e4] for (non-JTA) DDL execution was not in auto-commit mode; the Connection 'local transaction' will be committed and the Connection will be set into auto-commit mode.
[INFO ] 2022-09-15 14:35:25.490 [main] JtaPlatformInitiator - HHH000490: Using JtaPlatform implementation: [org.hibernate.engine.transaction.jta.platform.internal.NoJtaPlatform]
[WARN ] 2022-09-15 14:35:25.522 [main] deprecation - HHH90000012: Recognized obsolete hibernate namespace http://hibernate.sourceforge.net/hibernate-mapping. Use namespace http://www.hibernate.org/dtd/hibernate-mapping instead.  Support for obsolete DTD/XSD namespaces may be removed at any time.
[WARN ] 2022-09-15 14:35:25.601 [main] deprecation - HHH90000012: Recognized obsolete hibernate namespace http://hibernate.sourceforge.net/hibernate-mapping. Use namespace http://www.hibernate.org/dtd/hibernate-mapping instead.  Support for obsolete DTD/XSD namespaces may be removed at any time.
[WARN ] 2022-09-15 14:35:25.616 [main] deprecation - HHH90000012: Recognized obsolete hibernate namespace http://hibernate.sourceforge.net/hibernate-mapping. Use namespace http://www.hibernate.org/dtd/hibernate-mapping instead.  Support for obsolete DTD/XSD namespaces may be removed at any time.
[WARN ] 2022-09-15 14:35:25.619 [main] deprecation - HHH90000012: Recognized obsolete hibernate namespace http://hibernate.sourceforge.net/hibernate-mapping. Use namespace http://www.hibernate.org/dtd/hibernate-mapping instead.  Support for obsolete DTD/XSD namespaces may be removed at any time.
[WARN ] 2022-09-15 14:35:25.639 [main] deprecation - HHH90000012: Recognized obsolete hibernate namespace http://hibernate.sourceforge.net/hibernate-mapping. Use namespace http://www.hibernate.org/dtd/hibernate-mapping instead.  Support for obsolete DTD/XSD namespaces may be removed at any time.
[WARN ] 2022-09-15 14:35:25.639 [main] pooling - HHH10001002: Using Hibernate built-in connection pool (not for production use!)
[INFO ] 2022-09-15 14:35:25.639 [main] pooling - HHH10001005: using driver [com.mysql.jdbc.Driver] at URL [jdbc:mysql://localhost:3306/employee]
[INFO ] 2022-09-15 14:35:25.639 [main] pooling - HHH10001001: Connection properties: {password=****, user=root}
[INFO ] 2022-09-15 14:35:25.653 [main] pooling - HHH10001003: Autocommit mode: false
[INFO ] 2022-09-15 14:35:25.657 [main] DriverManagerConnectionProviderImpl - HHH000115: Hibernate connection pool size: 20 (min=1)
[INFO ] 2022-09-15 14:35:25.696 [main] Dialect - HHH000400: Using dialect: org.hibernate.dialect.MySQL5Dialect
[INFO ] 2022-09-15 14:35:25.788 [main] access - HHH10001501: Connection obtained from JdbcConnectionAccess [org.hibernate.engine.jdbc.env.internal.JdbcEnvironmentInitiator$ConnectionProviderJdbcConnectionAccess@4629dde5] for (non-JTA) DDL execution was not in auto-commit mode; the Connection 'local transaction' will be committed and the Connection will be set into auto-commit mode.
[INFO ] 2022-09-15 14:35:26.056 [main] JtaPlatformInitiator - HHH000490: Using JtaPlatform implementation: [org.hibernate.engine.transaction.jta.platform.internal.NoJtaPlatform]
[WARN ] 2022-09-15 14:35:26.091 [main] deprecation - HHH90000012: Recognized obsolete hibernate namespace http://hibernate.sourceforge.net/hibernate-mapping. Use namespace http://www.hibernate.org/dtd/hibernate-mapping instead.  Support for obsolete DTD/XSD namespaces may be removed at any time.
[WARN ] 2022-09-15 14:35:26.143 [main] deprecation - HHH90000012: Recognized obsolete hibernate namespace http://hibernate.sourceforge.net/hibernate-mapping. Use namespace http://www.hibernate.org/dtd/hibernate-mapping instead.  Support for obsolete DTD/XSD namespaces may be removed at any time.
[WARN ] 2022-09-15 14:35:26.148 [main] deprecation - HHH90000012: Recognized obsolete hibernate namespace http://hibernate.sourceforge.net/hibernate-mapping. Use namespace http://www.hibernate.org/dtd/hibernate-mapping instead.  Support for obsolete DTD/XSD namespaces may be removed at any time.
[WARN ] 2022-09-15 14:35:26.168 [main] deprecation - HHH90000012: Recognized obsolete hibernate namespace http://hibernate.sourceforge.net/hibernate-mapping. Use namespace http://www.hibernate.org/dtd/hibernate-mapping instead.  Support for obsolete DTD/XSD namespaces may be removed at any time.
[WARN ] 2022-09-15 14:35:26.180 [main] deprecation - HHH90000012: Recognized obsolete hibernate namespace http://hibernate.sourceforge.net/hibernate-mapping. Use namespace http://www.hibernate.org/dtd/hibernate-mapping instead.  Support for obsolete DTD/XSD namespaces may be removed at any time.
[WARN ] 2022-09-15 14:35:26.187 [main] pooling - HHH10001002: Using Hibernate built-in connection pool (not for production use!)
[INFO ] 2022-09-15 14:35:26.187 [main] pooling - HHH10001005: using driver [com.mysql.jdbc.Driver] at URL [jdbc:mysql://localhost:3306/employee]
[INFO ] 2022-09-15 14:35:26.200 [main] pooling - HHH10001001: Connection properties: {password=****, user=root}
[INFO ] 2022-09-15 14:35:26.203 [main] pooling - HHH10001003: Autocommit mode: false
[INFO ] 2022-09-15 14:35:26.205 [main] DriverManagerConnectionProviderImpl - HHH000115: Hibernate connection pool size: 20 (min=1)
[INFO ] 2022-09-15 14:35:26.243 [main] Dialect - HHH000400: Using dialect: org.hibernate.dialect.MySQL5Dialect
[INFO ] 2022-09-15 14:35:26.314 [main] access - HHH10001501: Connection obtained from JdbcConnectionAccess [org.hibernate.engine.jdbc.env.internal.JdbcEnvironmentInitiator$ConnectionProviderJdbcConnectionAccess@71f042b1] for (non-JTA) DDL execution was not in auto-commit mode; the Connection 'local transaction' will be committed and the Connection will be set into auto-commit mode.
[INFO ] 2022-09-15 14:35:26.579 [main] JtaPlatformInitiator - HHH000490: Using JtaPlatform implementation: [org.hibernate.engine.transaction.jta.platform.internal.NoJtaPlatform]
[INFO ] 2022-09-15 14:35:26.599 [main] EmployeeController - 

Trainer Details

Employee Name      :syed
Emp Id             :1
Gender             :male
Qualification      :msc
Email Id           :vel@gmail.com
Date of Joining    :wded
Address            :wdefd
Phone Number       :9123456789
Adhaar Number      :123456789012
Department         :cse
Trainer Experience :11
[INFO ] 2022-09-15 14:35:26.606 [main] EmployeeController - 

Trainer Details

Employee Name      :velu
Emp Id             :2
Gender             :male
Qualification      :msc
Email Id           :swde@gmail.com
Date of Joining    :edef
Address            :wdef
Phone Number       :9123456789
Adhaar Number      :123456789012
Department         :swderc
Trainer Experience :21
[INFO ] 2022-09-15 14:35:26.613 [main] EmployeeController - 

Trainer Details

Employee Name      :syed
Emp Id             :4
Gender             :male
Qualification      :msc
Email Id           :asd@gmail.com
Date of Joining    :df
Address            :df
Phone Number       :9123456789
Adhaar Number      :123456789012
Department         :sd
Trainer Experience :21
[INFO ] 2022-09-15 14:35:26.621 [main] EmployeeController - 

Trainer Details

Employee Name      :ruban
Emp Id             :6
Gender             :male
Qualification      :be
Email Id           :rubaaa@gmail.com
Date of Joining    :sde
Address            :sdefr
Phone Number       :9123456789
Adhaar Number      :123456789012
Department         :ece
Trainer Experience :11
[INFO ] 2022-09-15 14:35:26.623 [main] EmployeeController - 
For Main Menu type Yes, To exit type No
[INFO ] 2022-09-15 14:36:30.096 [main] EmployeeController - This is info message
[WARN ] 2022-09-15 14:36:30.102 [main] EmployeeController - This is warning meassage
[ERROR] 2022-09-15 14:36:30.103 [main] EmployeeController - This is error message
[FATAL] 2022-09-15 14:36:30.104 [main] EmployeeController - this is most conflict part
[INFO ] 2022-09-15 14:36:30.127 [main] EmployeeController - 

		   EMPLOYEE MANAGEMENT PORTAL
 
		       TRAINER PORTAL

		Enter 1 to Add     Trainer Details
		Enter 2 to View    Trainer Details
		Enter 3 to Delete  Trainer Details
		Enter 4 to Update  Trainer Details

		       TRAINEE PORTAL

		Enter 5 to Add    Trainee Details
		Enter 6 to View   Trainee Details
		Enter 7 to Delete Trainee Details
		Enter 8 to Update Trainee Details

		      Enter 9 to Exit
[INFO ] 2022-09-15 14:36:30.129 [main] EmployeeController - 
Enter your choice
[INFO ] 2022-09-15 14:36:34.719 [main] EmployeeController - Enter the employee Id
[INFO ] 2022-09-15 14:36:35.335 [main] Version - HHH000412: Hibernate ORM core version 5.6.11.Final
[INFO ] 2022-09-15 14:36:36.023 [main] Version - HCANN000001: Hibernate Commons Annotations {5.1.2.Final}
[WARN ] 2022-09-15 14:36:36.283 [main] deprecation - HHH90000012: Recognized obsolete hibernate namespace http://hibernate.sourceforge.net/hibernate-mapping. Use namespace http://www.hibernate.org/dtd/hibernate-mapping instead.  Support for obsolete DTD/XSD namespaces may be removed at any time.
[WARN ] 2022-09-15 14:36:36.893 [main] deprecation - HHH90000012: Recognized obsolete hibernate namespace http://hibernate.sourceforge.net/hibernate-mapping. Use namespace http://www.hibernate.org/dtd/hibernate-mapping instead.  Support for obsolete DTD/XSD namespaces may be removed at any time.
[WARN ] 2022-09-15 14:36:36.914 [main] deprecation - HHH90000012: Recognized obsolete hibernate namespace http://hibernate.sourceforge.net/hibernate-mapping. Use namespace http://www.hibernate.org/dtd/hibernate-mapping instead.  Support for obsolete DTD/XSD namespaces may be removed at any time.
[WARN ] 2022-09-15 14:36:36.934 [main] deprecation - HHH90000012: Recognized obsolete hibernate namespace http://hibernate.sourceforge.net/hibernate-mapping. Use namespace http://www.hibernate.org/dtd/hibernate-mapping instead.  Support for obsolete DTD/XSD namespaces may be removed at any time.
[WARN ] 2022-09-15 14:36:36.951 [main] deprecation - HHH90000012: Recognized obsolete hibernate namespace http://hibernate.sourceforge.net/hibernate-mapping. Use namespace http://www.hibernate.org/dtd/hibernate-mapping instead.  Support for obsolete DTD/XSD namespaces may be removed at any time.
[WARN ] 2022-09-15 14:36:37.015 [main] pooling - HHH10001002: Using Hibernate built-in connection pool (not for production use!)
[INFO ] 2022-09-15 14:36:37.027 [main] pooling - HHH10001005: using driver [com.mysql.jdbc.Driver] at URL [jdbc:mysql://localhost:3306/employee]
[INFO ] 2022-09-15 14:36:37.027 [main] pooling - HHH10001001: Connection properties: {password=****, user=root}
[INFO ] 2022-09-15 14:36:37.027 [main] pooling - HHH10001003: Autocommit mode: false
[INFO ] 2022-09-15 14:36:37.043 [main] DriverManagerConnectionProviderImpl - HHH000115: Hibernate connection pool size: 20 (min=1)
[INFO ] 2022-09-15 14:36:37.661 [main] Dialect - HHH000400: Using dialect: org.hibernate.dialect.MySQL5Dialect
[INFO ] 2022-09-15 14:36:38.689 [main] access - HHH10001501: Connection obtained from JdbcConnectionAccess [org.hibernate.engine.jdbc.env.internal.JdbcEnvironmentInitiator$ConnectionProviderJdbcConnectionAccess@615bad16] for (non-JTA) DDL execution was not in auto-commit mode; the Connection 'local transaction' will be committed and the Connection will be set into auto-commit mode.
[INFO ] 2022-09-15 14:36:39.018 [main] JtaPlatformInitiator - HHH000490: Using JtaPlatform implementation: [org.hibernate.engine.transaction.jta.platform.internal.NoJtaPlatform]
[INFO ] 2022-09-15 14:36:39.352 [main] EmployeeController - Enter 1 to update EmailId
[INFO ] 2022-09-15 14:36:39.356 [main] EmployeeController - Enter 2 to update Address
[INFO ] 2022-09-15 14:36:39.358 [main] EmployeeController - Enter 3 to update Phone Number
[INFO ] 2022-09-15 14:36:44.453 [main] EmployeeController - Enter Email Id
[WARN ] 2022-09-15 14:36:51.578 [main] deprecation - HHH90000012: Recognized obsolete hibernate namespace http://hibernate.sourceforge.net/hibernate-mapping. Use namespace http://www.hibernate.org/dtd/hibernate-mapping instead.  Support for obsolete DTD/XSD namespaces may be removed at any time.
[WARN ] 2022-09-15 14:36:51.694 [main] deprecation - HHH90000012: Recognized obsolete hibernate namespace http://hibernate.sourceforge.net/hibernate-mapping. Use namespace http://www.hibernate.org/dtd/hibernate-mapping instead.  Support for obsolete DTD/XSD namespaces may be removed at any time.
[WARN ] 2022-09-15 14:36:51.707 [main] deprecation - HHH90000012: Recognized obsolete hibernate namespace http://hibernate.sourceforge.net/hibernate-mapping. Use namespace http://www.hibernate.org/dtd/hibernate-mapping instead.  Support for obsolete DTD/XSD namespaces may be removed at any time.
[WARN ] 2022-09-15 14:36:51.719 [main] deprecation - HHH90000012: Recognized obsolete hibernate namespace http://hibernate.sourceforge.net/hibernate-mapping. Use namespace http://www.hibernate.org/dtd/hibernate-mapping instead.  Support for obsolete DTD/XSD namespaces may be removed at any time.
[WARN ] 2022-09-15 14:36:51.735 [main] deprecation - HHH90000012: Recognized obsolete hibernate namespace http://hibernate.sourceforge.net/hibernate-mapping. Use namespace http://www.hibernate.org/dtd/hibernate-mapping instead.  Support for obsolete DTD/XSD namespaces may be removed at any time.
[WARN ] 2022-09-15 14:36:51.743 [main] pooling - HHH10001002: Using Hibernate built-in connection pool (not for production use!)
[INFO ] 2022-09-15 14:36:51.743 [main] pooling - HHH10001005: using driver [com.mysql.jdbc.Driver] at URL [jdbc:mysql://localhost:3306/employee]
[INFO ] 2022-09-15 14:36:51.752 [main] pooling - HHH10001001: Connection properties: {password=****, user=root}
[INFO ] 2022-09-15 14:36:51.753 [main] pooling - HHH10001003: Autocommit mode: false
[INFO ] 2022-09-15 14:36:51.753 [main] DriverManagerConnectionProviderImpl - HHH000115: Hibernate connection pool size: 20 (min=1)
[INFO ] 2022-09-15 14:36:51.806 [main] Dialect - HHH000400: Using dialect: org.hibernate.dialect.MySQL5Dialect
[INFO ] 2022-09-15 14:36:51.938 [main] access - HHH10001501: Connection obtained from JdbcConnectionAccess [org.hibernate.engine.jdbc.env.internal.JdbcEnvironmentInitiator$ConnectionProviderJdbcConnectionAccess@2270f58d] for (non-JTA) DDL execution was not in auto-commit mode; the Connection 'local transaction' will be committed and the Connection will be set into auto-commit mode.
[INFO ] 2022-09-15 14:36:52.184 [main] JtaPlatformInitiator - HHH000490: Using JtaPlatform implementation: [org.hibernate.engine.transaction.jta.platform.internal.NoJtaPlatform]
[INFO ] 2022-09-15 14:36:52.232 [main] EmployeeController - 
For Main Menu type Yes, To exit type No
[INFO ] 2022-09-15 15:00:21.963 [main] EmployeeController - This is info message
[WARN ] 2022-09-15 15:00:21.969 [main] EmployeeController - This is warning meassage
[ERROR] 2022-09-15 15:00:21.971 [main] EmployeeController - This is error message
[FATAL] 2022-09-15 15:00:21.972 [main] EmployeeController - this is most conflict part
[INFO ] 2022-09-15 15:00:21.994 [main] EmployeeController - 

		   EMPLOYEE MANAGEMENT PORTAL
 
		       TRAINER PORTAL

		Enter 1 to Add     Trainer Details
		Enter 2 to View    Trainer Details
		Enter 3 to Delete  Trainer Details
		Enter 4 to Update  Trainer Details

		       TRAINEE PORTAL

		Enter 5 to Add    Trainee Details
		Enter 6 to View   Trainee Details
		Enter 7 to Delete Trainee Details
		Enter 8 to Update Trainee Details

		      Enter 9 to Exit
[INFO ] 2022-09-15 15:00:21.995 [main] EmployeeController - 
Enter your choice
[INFO ] 2022-09-15 15:06:00.119 [main] EmployeeController - Enter the employee Id
[INFO ] 2022-09-15 15:06:01.769 [main] Version - HHH000412: Hibernate ORM core version 5.6.11.Final
[INFO ] 2022-09-15 15:06:02.438 [main] Version - HCANN000001: Hibernate Commons Annotations {5.1.2.Final}
[WARN ] 2022-09-15 15:06:02.676 [main] deprecation - HHH90000012: Recognized obsolete hibernate namespace http://hibernate.sourceforge.net/hibernate-mapping. Use namespace http://www.hibernate.org/dtd/hibernate-mapping instead.  Support for obsolete DTD/XSD namespaces may be removed at any time.
[WARN ] 2022-09-15 15:06:03.338 [main] deprecation - HHH90000012: Recognized obsolete hibernate namespace http://hibernate.sourceforge.net/hibernate-mapping. Use namespace http://www.hibernate.org/dtd/hibernate-mapping instead.  Support for obsolete DTD/XSD namespaces may be removed at any time.
[WARN ] 2022-09-15 15:06:03.361 [main] deprecation - HHH90000012: Recognized obsolete hibernate namespace http://hibernate.sourceforge.net/hibernate-mapping. Use namespace http://www.hibernate.org/dtd/hibernate-mapping instead.  Support for obsolete DTD/XSD namespaces may be removed at any time.
[WARN ] 2022-09-15 15:06:03.382 [main] deprecation - HHH90000012: Recognized obsolete hibernate namespace http://hibernate.sourceforge.net/hibernate-mapping. Use namespace http://www.hibernate.org/dtd/hibernate-mapping instead.  Support for obsolete DTD/XSD namespaces may be removed at any time.
[WARN ] 2022-09-15 15:06:03.402 [main] deprecation - HHH90000012: Recognized obsolete hibernate namespace http://hibernate.sourceforge.net/hibernate-mapping. Use namespace http://www.hibernate.org/dtd/hibernate-mapping instead.  Support for obsolete DTD/XSD namespaces may be removed at any time.
[WARN ] 2022-09-15 15:06:03.466 [main] pooling - HHH10001002: Using Hibernate built-in connection pool (not for production use!)
[INFO ] 2022-09-15 15:06:03.484 [main] pooling - HHH10001005: using driver [com.mysql.jdbc.Driver] at URL [jdbc:mysql://localhost:3306/employee]
[INFO ] 2022-09-15 15:06:03.487 [main] pooling - HHH10001001: Connection properties: {password=****, user=root}
[INFO ] 2022-09-15 15:06:03.487 [main] pooling - HHH10001003: Autocommit mode: false
[INFO ] 2022-09-15 15:06:03.498 [main] DriverManagerConnectionProviderImpl - HHH000115: Hibernate connection pool size: 20 (min=1)
[INFO ] 2022-09-15 15:06:04.102 [main] Dialect - HHH000400: Using dialect: org.hibernate.dialect.MySQL5Dialect
[INFO ] 2022-09-15 15:06:05.074 [main] access - HHH10001501: Connection obtained from JdbcConnectionAccess [org.hibernate.engine.jdbc.env.internal.JdbcEnvironmentInitiator$ConnectionProviderJdbcConnectionAccess@349f3ff7] for (non-JTA) DDL execution was not in auto-commit mode; the Connection 'local transaction' will be committed and the Connection will be set into auto-commit mode.
[INFO ] 2022-09-15 15:06:05.424 [main] JtaPlatformInitiator - HHH000490: Using JtaPlatform implementation: [org.hibernate.engine.transaction.jta.platform.internal.NoJtaPlatform]
[INFO ] 2022-09-15 15:06:05.732 [main] EmployeeController - Enter 1 to update EmailId
[INFO ] 2022-09-15 15:06:05.736 [main] EmployeeController - Enter 2 to update Address
[INFO ] 2022-09-15 15:06:05.736 [main] EmployeeController - Enter 3 to update Phone Number
[INFO ] 2022-09-15 15:06:11.068 [main] EmployeeController - Enter the Address to be Update
[WARN ] 2022-09-15 15:06:13.788 [main] deprecation - HHH90000012: Recognized obsolete hibernate namespace http://hibernate.sourceforge.net/hibernate-mapping. Use namespace http://www.hibernate.org/dtd/hibernate-mapping instead.  Support for obsolete DTD/XSD namespaces may be removed at any time.
[WARN ] 2022-09-15 15:06:13.916 [main] deprecation - HHH90000012: Recognized obsolete hibernate namespace http://hibernate.sourceforge.net/hibernate-mapping. Use namespace http://www.hibernate.org/dtd/hibernate-mapping instead.  Support for obsolete DTD/XSD namespaces may be removed at any time.
[WARN ] 2022-09-15 15:06:13.933 [main] deprecation - HHH90000012: Recognized obsolete hibernate namespace http://hibernate.sourceforge.net/hibernate-mapping. Use namespace http://www.hibernate.org/dtd/hibernate-mapping instead.  Support for obsolete DTD/XSD namespaces may be removed at any time.
[WARN ] 2022-09-15 15:06:13.949 [main] deprecation - HHH90000012: Recognized obsolete hibernate namespace http://hibernate.sourceforge.net/hibernate-mapping. Use namespace http://www.hibernate.org/dtd/hibernate-mapping instead.  Support for obsolete DTD/XSD namespaces may be removed at any time.
[WARN ] 2022-09-15 15:06:13.958 [main] deprecation - HHH90000012: Recognized obsolete hibernate namespace http://hibernate.sourceforge.net/hibernate-mapping. Use namespace http://www.hibernate.org/dtd/hibernate-mapping instead.  Support for obsolete DTD/XSD namespaces may be removed at any time.
[WARN ] 2022-09-15 15:06:13.970 [main] pooling - HHH10001002: Using Hibernate built-in connection pool (not for production use!)
[INFO ] 2022-09-15 15:06:13.970 [main] pooling - HHH10001005: using driver [com.mysql.jdbc.Driver] at URL [jdbc:mysql://localhost:3306/employee]
[INFO ] 2022-09-15 15:06:13.970 [main] pooling - HHH10001001: Connection properties: {password=****, user=root}
[INFO ] 2022-09-15 15:06:13.970 [main] pooling - HHH10001003: Autocommit mode: false
[INFO ] 2022-09-15 15:06:13.980 [main] DriverManagerConnectionProviderImpl - HHH000115: Hibernate connection pool size: 20 (min=1)
[INFO ] 2022-09-15 15:06:14.034 [main] Dialect - HHH000400: Using dialect: org.hibernate.dialect.MySQL5Dialect
[INFO ] 2022-09-15 15:06:14.180 [main] access - HHH10001501: Connection obtained from JdbcConnectionAccess [org.hibernate.engine.jdbc.env.internal.JdbcEnvironmentInitiator$ConnectionProviderJdbcConnectionAccess@64688978] for (non-JTA) DDL execution was not in auto-commit mode; the Connection 'local transaction' will be committed and the Connection will be set into auto-commit mode.
[INFO ] 2022-09-15 15:06:14.402 [main] JtaPlatformInitiator - HHH000490: Using JtaPlatform implementation: [org.hibernate.engine.transaction.jta.platform.internal.NoJtaPlatform]
[INFO ] 2022-09-15 15:06:14.444 [main] EmployeeController - 
For Main Menu type Yes, To exit type No
[INFO ] 2022-09-15 15:06:27.500 [main] EmployeeController - 

		   EMPLOYEE MANAGEMENT PORTAL
 
		       TRAINER PORTAL

		Enter 1 to Add     Trainer Details
		Enter 2 to View    Trainer Details
		Enter 3 to Delete  Trainer Details
		Enter 4 to Update  Trainer Details

		       TRAINEE PORTAL

		Enter 5 to Add    Trainee Details
		Enter 6 to View   Trainee Details
		Enter 7 to Delete Trainee Details
		Enter 8 to Update Trainee Details

		      Enter 9 to Exit
[INFO ] 2022-09-15 15:06:27.501 [main] EmployeeController - 
Enter your choice
[WARN ] 2022-09-15 15:06:30.337 [main] deprecation - HHH90000012: Recognized obsolete hibernate namespace http://hibernate.sourceforge.net/hibernate-mapping. Use namespace http://www.hibernate.org/dtd/hibernate-mapping instead.  Support for obsolete DTD/XSD namespaces may be removed at any time.
[WARN ] 2022-09-15 15:06:30.449 [main] deprecation - HHH90000012: Recognized obsolete hibernate namespace http://hibernate.sourceforge.net/hibernate-mapping. Use namespace http://www.hibernate.org/dtd/hibernate-mapping instead.  Support for obsolete DTD/XSD namespaces may be removed at any time.
[WARN ] 2022-09-15 15:06:30.459 [main] deprecation - HHH90000012: Recognized obsolete hibernate namespace http://hibernate.sourceforge.net/hibernate-mapping. Use namespace http://www.hibernate.org/dtd/hibernate-mapping instead.  Support for obsolete DTD/XSD namespaces may be removed at any time.
[WARN ] 2022-09-15 15:06:30.476 [main] deprecation - HHH90000012: Recognized obsolete hibernate namespace http://hibernate.sourceforge.net/hibernate-mapping. Use namespace http://www.hibernate.org/dtd/hibernate-mapping instead.  Support for obsolete DTD/XSD namespaces may be removed at any time.
[WARN ] 2022-09-15 15:06:30.492 [main] deprecation - HHH90000012: Recognized obsolete hibernate namespace http://hibernate.sourceforge.net/hibernate-mapping. Use namespace http://www.hibernate.org/dtd/hibernate-mapping instead.  Support for obsolete DTD/XSD namespaces may be removed at any time.
[WARN ] 2022-09-15 15:06:30.500 [main] pooling - HHH10001002: Using Hibernate built-in connection pool (not for production use!)
[INFO ] 2022-09-15 15:06:30.506 [main] pooling - HHH10001005: using driver [com.mysql.jdbc.Driver] at URL [jdbc:mysql://localhost:3306/employee]
[INFO ] 2022-09-15 15:06:30.507 [main] pooling - HHH10001001: Connection properties: {password=****, user=root}
[INFO ] 2022-09-15 15:06:30.507 [main] pooling - HHH10001003: Autocommit mode: false
[INFO ] 2022-09-15 15:06:30.509 [main] DriverManagerConnectionProviderImpl - HHH000115: Hibernate connection pool size: 20 (min=1)
[INFO ] 2022-09-15 15:06:30.548 [main] Dialect - HHH000400: Using dialect: org.hibernate.dialect.MySQL5Dialect
[INFO ] 2022-09-15 15:06:30.658 [main] access - HHH10001501: Connection obtained from JdbcConnectionAccess [org.hibernate.engine.jdbc.env.internal.JdbcEnvironmentInitiator$ConnectionProviderJdbcConnectionAccess@10a064bd] for (non-JTA) DDL execution was not in auto-commit mode; the Connection 'local transaction' will be committed and the Connection will be set into auto-commit mode.
[INFO ] 2022-09-15 15:06:30.897 [main] JtaPlatformInitiator - HHH000490: Using JtaPlatform implementation: [org.hibernate.engine.transaction.jta.platform.internal.NoJtaPlatform]
[WARN ] 2022-09-15 15:06:30.927 [main] deprecation - HHH90000012: Recognized obsolete hibernate namespace http://hibernate.sourceforge.net/hibernate-mapping. Use namespace http://www.hibernate.org/dtd/hibernate-mapping instead.  Support for obsolete DTD/XSD namespaces may be removed at any time.
[WARN ] 2022-09-15 15:06:31.005 [main] deprecation - HHH90000012: Recognized obsolete hibernate namespace http://hibernate.sourceforge.net/hibernate-mapping. Use namespace http://www.hibernate.org/dtd/hibernate-mapping instead.  Support for obsolete DTD/XSD namespaces may be removed at any time.
[WARN ] 2022-09-15 15:06:31.017 [main] deprecation - HHH90000012: Recognized obsolete hibernate namespace http://hibernate.sourceforge.net/hibernate-mapping. Use namespace http://www.hibernate.org/dtd/hibernate-mapping instead.  Support for obsolete DTD/XSD namespaces may be removed at any time.
[WARN ] 2022-09-15 15:06:31.027 [main] deprecation - HHH90000012: Recognized obsolete hibernate namespace http://hibernate.sourceforge.net/hibernate-mapping. Use namespace http://www.hibernate.org/dtd/hibernate-mapping instead.  Support for obsolete DTD/XSD namespaces may be removed at any time.
[WARN ] 2022-09-15 15:06:31.048 [main] deprecation - HHH90000012: Recognized obsolete hibernate namespace http://hibernate.sourceforge.net/hibernate-mapping. Use namespace http://www.hibernate.org/dtd/hibernate-mapping instead.  Support for obsolete DTD/XSD namespaces may be removed at any time.
[WARN ] 2022-09-15 15:06:31.059 [main] pooling - HHH10001002: Using Hibernate built-in connection pool (not for production use!)
[INFO ] 2022-09-15 15:06:31.061 [main] pooling - HHH10001005: using driver [com.mysql.jdbc.Driver] at URL [jdbc:mysql://localhost:3306/employee]
[INFO ] 2022-09-15 15:06:31.062 [main] pooling - HHH10001001: Connection properties: {password=****, user=root}
[INFO ] 2022-09-15 15:06:31.063 [main] pooling - HHH10001003: Autocommit mode: false
[INFO ] 2022-09-15 15:06:31.066 [main] DriverManagerConnectionProviderImpl - HHH000115: Hibernate connection pool size: 20 (min=1)
[INFO ] 2022-09-15 15:06:31.105 [main] Dialect - HHH000400: Using dialect: org.hibernate.dialect.MySQL5Dialect
[INFO ] 2022-09-15 15:06:31.227 [main] access - HHH10001501: Connection obtained from JdbcConnectionAccess [org.hibernate.engine.jdbc.env.internal.JdbcEnvironmentInitiator$ConnectionProviderJdbcConnectionAccess@3f6d36eb] for (non-JTA) DDL execution was not in auto-commit mode; the Connection 'local transaction' will be committed and the Connection will be set into auto-commit mode.
[INFO ] 2022-09-15 15:06:31.540 [main] JtaPlatformInitiator - HHH000490: Using JtaPlatform implementation: [org.hibernate.engine.transaction.jta.platform.internal.NoJtaPlatform]
[WARN ] 2022-09-15 15:06:31.571 [main] deprecation - HHH90000012: Recognized obsolete hibernate namespace http://hibernate.sourceforge.net/hibernate-mapping. Use namespace http://www.hibernate.org/dtd/hibernate-mapping instead.  Support for obsolete DTD/XSD namespaces may be removed at any time.
[WARN ] 2022-09-15 15:06:31.656 [main] deprecation - HHH90000012: Recognized obsolete hibernate namespace http://hibernate.sourceforge.net/hibernate-mapping. Use namespace http://www.hibernate.org/dtd/hibernate-mapping instead.  Support for obsolete DTD/XSD namespaces may be removed at any time.
[WARN ] 2022-09-15 15:06:31.673 [main] deprecation - HHH90000012: Recognized obsolete hibernate namespace http://hibernate.sourceforge.net/hibernate-mapping. Use namespace http://www.hibernate.org/dtd/hibernate-mapping instead.  Support for obsolete DTD/XSD namespaces may be removed at any time.
[WARN ] 2022-09-15 15:06:31.683 [main] deprecation - HHH90000012: Recognized obsolete hibernate namespace http://hibernate.sourceforge.net/hibernate-mapping. Use namespace http://www.hibernate.org/dtd/hibernate-mapping instead.  Support for obsolete DTD/XSD namespaces may be removed at any time.
[WARN ] 2022-09-15 15:06:31.693 [main] deprecation - HHH90000012: Recognized obsolete hibernate namespace http://hibernate.sourceforge.net/hibernate-mapping. Use namespace http://www.hibernate.org/dtd/hibernate-mapping instead.  Support for obsolete DTD/XSD namespaces may be removed at any time.
[WARN ] 2022-09-15 15:06:31.701 [main] pooling - HHH10001002: Using Hibernate built-in connection pool (not for production use!)
[INFO ] 2022-09-15 15:06:31.701 [main] pooling - HHH10001005: using driver [com.mysql.jdbc.Driver] at URL [jdbc:mysql://localhost:3306/employee]
[INFO ] 2022-09-15 15:06:31.701 [main] pooling - HHH10001001: Connection properties: {password=****, user=root}
[INFO ] 2022-09-15 15:06:31.711 [main] pooling - HHH10001003: Autocommit mode: false
[INFO ] 2022-09-15 15:06:31.713 [main] DriverManagerConnectionProviderImpl - HHH000115: Hibernate connection pool size: 20 (min=1)
[INFO ] 2022-09-15 15:06:31.754 [main] Dialect - HHH000400: Using dialect: org.hibernate.dialect.MySQL5Dialect
[INFO ] 2022-09-15 15:06:31.846 [main] access - HHH10001501: Connection obtained from JdbcConnectionAccess [org.hibernate.engine.jdbc.env.internal.JdbcEnvironmentInitiator$ConnectionProviderJdbcConnectionAccess@7c39193f] for (non-JTA) DDL execution was not in auto-commit mode; the Connection 'local transaction' will be committed and the Connection will be set into auto-commit mode.
[INFO ] 2022-09-15 15:06:32.049 [main] JtaPlatformInitiator - HHH000490: Using JtaPlatform implementation: [org.hibernate.engine.transaction.jta.platform.internal.NoJtaPlatform]
[INFO ] 2022-09-15 15:06:32.072 [main] EmployeeController - 

Trainer Details

Employee Name      :syed
Emp Id             :1
Gender             :male
Qualification      :msc
Email Id           :syed@gmail.com
Date of Joining    :wded
Address            :kamaraj
Phone Number       :9123456789
Adhaar Number      :123456789012
Department         :cse
Trainer Experience :11
[INFO ] 2022-09-15 15:06:32.078 [main] EmployeeController - 

Trainer Details

Employee Name      :velu
Emp Id             :2
Gender             :male
Qualification      :msc
Email Id           :swde@gmail.com
Date of Joining    :edef
Address            :wdef
Phone Number       :9123456789
Adhaar Number      :123456789012
Department         :swderc
Trainer Experience :21
[INFO ] 2022-09-15 15:06:32.082 [main] EmployeeController - 

Trainer Details

Employee Name      :syed
Emp Id             :4
Gender             :male
Qualification      :msc
Email Id           :asd@gmail.com
Date of Joining    :df
Address            :df
Phone Number       :9123456789
Adhaar Number      :123456789012
Department         :sd
Trainer Experience :21
[INFO ] 2022-09-15 15:06:32.090 [main] EmployeeController - 

Trainer Details

Employee Name      :ruban
Emp Id             :6
Gender             :male
Qualification      :be
Email Id           :rubaaa@gmail.com
Date of Joining    :sde
Address            :sdefr
Phone Number       :9123456789
Adhaar Number      :123456789012
Department         :ece
Trainer Experience :11
[INFO ] 2022-09-15 15:06:32.094 [main] EmployeeController - 
For Main Menu type Yes, To exit type No
[INFO ] 2022-09-15 15:17:39.715 [main] EmployeeController - This is info message
[WARN ] 2022-09-15 15:17:39.722 [main] EmployeeController - This is warning meassage
[ERROR] 2022-09-15 15:17:39.724 [main] EmployeeController - This is error message
[FATAL] 2022-09-15 15:17:39.728 [main] EmployeeController - this is most conflict part
[INFO ] 2022-09-15 15:17:39.750 [main] EmployeeController - 

		   EMPLOYEE MANAGEMENT PORTAL
 
		       TRAINER PORTAL

		Enter 1 to Add     Trainer Details
		Enter 2 to View    Trainer Details
		Enter 3 to Delete  Trainer Details
		Enter 4 to Update  Trainer Details

		       TRAINEE PORTAL

		Enter 5 to Add    Trainee Details
		Enter 6 to View   Trainee Details
		Enter 7 to Delete Trainee Details
		Enter 8 to Update Trainee Details

		      Enter 9 to Exit
[INFO ] 2022-09-15 15:17:39.750 [main] EmployeeController - 
Enter your choice
[INFO ] 2022-09-15 15:38:12.187 [main] EmployeeController - This is info message
[WARN ] 2022-09-15 15:38:12.193 [main] EmployeeController - This is warning meassage
[ERROR] 2022-09-15 15:38:12.194 [main] EmployeeController - This is error message
[FATAL] 2022-09-15 15:38:12.195 [main] EmployeeController - this is most conflict part
[INFO ] 2022-09-15 15:38:12.218 [main] EmployeeController - 

		   EMPLOYEE MANAGEMENT PORTAL
 
		       TRAINER PORTAL

		Enter 1 to Add     Trainer Details
		Enter 2 to View    Trainer Details
		Enter 3 to Delete  Trainer Details
		Enter 4 to Update  Trainer Details

		       TRAINEE PORTAL

		Enter 5 to Add    Trainee Details
		Enter 6 to View   Trainee Details
		Enter 7 to Delete Trainee Details
		Enter 8 to Update Trainee Details

		      Enter 9 to Exit
[INFO ] 2022-09-15 15:38:12.221 [main] EmployeeController - 
Enter your choice
[INFO ] 2022-09-16 12:30:24.088 [main] EmployeeController - 

		   EMPLOYEE MANAGEMENT PORTAL
 
		       TRAINER PORTAL

		Enter 1 to Add     Trainer Details
		Enter 2 to View    Trainer Details
		Enter 3 to Delete  Trainer Details
		Enter 4 to Update  Trainer Details

		       TRAINEE PORTAL

		Enter 5 to Add    Trainee Details
		Enter 6 to View   Trainee Details
		Enter 7 to Delete Trainee Details
		Enter 8 to Update Trainee Details

		      Enter 9 to Exit
[INFO ] 2022-09-16 12:30:24.096 [main] EmployeeController - 
Enter your choice
[INFO ] 2022-09-16 12:30:37.718 [main] EmployeeController - 
Enter Employee Name :
[INFO ] 2022-09-16 12:30:42.886 [main] EmployeeController - 
For Gender:
Select the option: 
1.Male 
2.Female 
3.Others 
[INFO ] 2022-09-16 12:30:45.233 [main] EmployeeController - 
Enter your Qualification :
[INFO ] 2022-09-16 12:30:47.474 [main] EmployeeController - 
Enter the EmailId :
[INFO ] 2022-09-16 12:30:55.766 [main] EmployeeController - 
Enter the Date of Birth(DD/MM/YYYY) :
[INFO ] 2022-09-16 12:30:58.298 [main] EmployeeController - 
Enter the Date of Joining :
[INFO ] 2022-09-16 12:30:58.747 [main] EmployeeController - 
Enter the Address :
[INFO ] 2022-09-16 12:30:59.202 [main] EmployeeController - 
Enter the Mobile Number :
[INFO ] 2022-09-16 12:31:00.870 [main] EmployeeController - 
Enter the Adhaar Number :
[INFO ] 2022-09-16 12:31:02.871 [main] EmployeeController - 
Enter the Department :
[INFO ] 2022-09-16 12:31:04.094 [main] EmployeeController - 
Year of Experience :
[INFO ] 2022-09-16 12:31:05.158 [main] Version - HHH000412: Hibernate ORM core version 5.6.11.Final
[INFO ] 2022-09-16 12:31:06.162 [main] Version - HCANN000001: Hibernate Commons Annotations {5.1.2.Final}
[WARN ] 2022-09-16 12:31:06.414 [main] deprecation - HHH90000012: Recognized obsolete hibernate namespace http://hibernate.sourceforge.net/hibernate-mapping. Use namespace http://www.hibernate.org/dtd/hibernate-mapping instead.  Support for obsolete DTD/XSD namespaces may be removed at any time.
[WARN ] 2022-09-16 12:31:07.050 [main] deprecation - HHH90000012: Recognized obsolete hibernate namespace http://hibernate.sourceforge.net/hibernate-mapping. Use namespace http://www.hibernate.org/dtd/hibernate-mapping instead.  Support for obsolete DTD/XSD namespaces may be removed at any time.
[WARN ] 2022-09-16 12:31:07.076 [main] deprecation - HHH90000012: Recognized obsolete hibernate namespace http://hibernate.sourceforge.net/hibernate-mapping. Use namespace http://www.hibernate.org/dtd/hibernate-mapping instead.  Support for obsolete DTD/XSD namespaces may be removed at any time.
[WARN ] 2022-09-16 12:31:07.097 [main] deprecation - HHH90000012: Recognized obsolete hibernate namespace http://hibernate.sourceforge.net/hibernate-mapping. Use namespace http://www.hibernate.org/dtd/hibernate-mapping instead.  Support for obsolete DTD/XSD namespaces may be removed at any time.
[WARN ] 2022-09-16 12:31:07.111 [main] deprecation - HHH90000012: Recognized obsolete hibernate namespace http://hibernate.sourceforge.net/hibernate-mapping. Use namespace http://www.hibernate.org/dtd/hibernate-mapping instead.  Support for obsolete DTD/XSD namespaces may be removed at any time.
[WARN ] 2022-09-16 12:31:07.179 [main] pooling - HHH10001002: Using Hibernate built-in connection pool (not for production use!)
[INFO ] 2022-09-16 12:31:07.192 [main] pooling - HHH10001005: using driver [com.mysql.jdbc.Driver] at URL [jdbc:mysql://localhost:3306/employee]
[INFO ] 2022-09-16 12:31:07.193 [main] pooling - HHH10001001: Connection properties: {password=****, user=root}
[INFO ] 2022-09-16 12:31:07.193 [main] pooling - HHH10001003: Autocommit mode: false
[INFO ] 2022-09-16 12:31:07.198 [main] DriverManagerConnectionProviderImpl - HHH000115: Hibernate connection pool size: 20 (min=1)
[INFO ] 2022-09-16 12:31:07.890 [main] Dialect - HHH000400: Using dialect: org.hibernate.dialect.MySQL5Dialect
[INFO ] 2022-09-16 12:31:08.968 [main] access - HHH10001501: Connection obtained from JdbcConnectionAccess [org.hibernate.engine.jdbc.env.internal.JdbcEnvironmentInitiator$ConnectionProviderJdbcConnectionAccess@7ab1ad9] for (non-JTA) DDL execution was not in auto-commit mode; the Connection 'local transaction' will be committed and the Connection will be set into auto-commit mode.
[INFO ] 2022-09-16 12:31:09.783 [main] JtaPlatformInitiator - HHH000490: Using JtaPlatform implementation: [org.hibernate.engine.transaction.jta.platform.internal.NoJtaPlatform]
[WARN ] 2022-09-16 12:31:09.891 [main] deprecation - HHH90000022: Hibernate's legacy org.hibernate.Criteria API is deprecated; use the JPA javax.persistence.criteria.CriteriaQuery instead
[WARN ] 2022-09-16 12:31:09.956 [main] deprecation - HHH90000022: Hibernate's legacy org.hibernate.Criteria API is deprecated; use the JPA javax.persistence.criteria.CriteriaQuery instead
[INFO ] 2022-09-16 12:31:10.050 [main] pooling - HHH10001008: Cleaning up connection pool [jdbc:mysql://localhost:3306/employee]
[INFO ] 2022-09-16 12:31:10.057 [main] EmployeeController - 
Trainer Data added Successfully
[INFO ] 2022-09-16 12:31:10.058 [main] EmployeeController - 
For Main Menu type Yes, To exit type No
[INFO ] 2022-09-16 13:00:29.275 [main] EmployeeController - 

		   EMPLOYEE MANAGEMENT PORTAL
 
		       TRAINER PORTAL

		Enter 1 to Add     Trainer Details
		Enter 2 to View    Trainer Details
		Enter 3 to Delete  Trainer Details
		Enter 4 to Update  Trainer Details

		       TRAINEE PORTAL

		Enter 5 to Add    Trainee Details
		Enter 6 to View   Trainee Details
		Enter 7 to Delete Trainee Details
		Enter 8 to Update Trainee Details

		      Enter 9 to Exit
[INFO ] 2022-09-16 13:00:29.275 [main] EmployeeController - 
Enter your choice
[INFO ] 2022-09-16 13:02:27.137 [main] EmployeeController - 

		   EMPLOYEE MANAGEMENT PORTAL
 
		       TRAINER PORTAL

		Enter 1 to Add     Trainer Details
		Enter 2 to View    Trainer Details
		Enter 3 to Delete  Trainer Details
		Enter 4 to Update  Trainer Details

		       TRAINEE PORTAL

		Enter 5 to Add    Trainee Details
		Enter 6 to View   Trainee Details
		Enter 7 to Delete Trainee Details
		Enter 8 to Update Trainee Details

		      Enter 9 to Exit
[INFO ] 2022-09-16 13:02:27.153 [main] EmployeeController - 
Enter your choice
[INFO ] 2022-09-17 11:08:55.877 [main] EmployeeController - 

		   EMPLOYEE MANAGEMENT PORTAL
 
		       TRAINER PORTAL

		Enter 1 to Add     Trainer Details
		Enter 2 to View    Trainer Details
		Enter 3 to Delete  Trainer Details
		Enter 4 to Update  Trainer Details

		       TRAINEE PORTAL

		Enter 5 to Add    Trainee Details
		Enter 6 to View   Trainee Details
		Enter 7 to Delete Trainee Details
		Enter 8 to Update Trainee Details

		      Enter 9 to Exit
[INFO ] 2022-09-17 11:08:55.885 [main] EmployeeController - 
Enter your choice
[INFO ] 2022-09-19 10:25:28.469 [main] EmployeeController - 

		   EMPLOYEE MANAGEMENT PORTAL
 
		       TRAINER PORTAL

		Enter 1 to Add     Trainer Details
		Enter 2 to View    Trainer Details
		Enter 3 to Delete  Trainer Details
		Enter 4 to Update  Trainer Details

		       TRAINEE PORTAL

		Enter 5 to Add    Trainee Details
		Enter 6 to View   Trainee Details
		Enter 7 to Delete Trainee Details
		Enter 8 to Update Trainee Details

		      Enter 9 to Exit
[INFO ] 2022-09-19 10:25:28.476 [main] EmployeeController - 
Enter your choice
[INFO ] 2022-09-19 10:25:30.017 [main] Version - HHH000412: Hibernate ORM core version 5.6.11.Final
[INFO ] 2022-09-19 10:25:31.161 [main] Version - HCANN000001: Hibernate Commons Annotations {5.1.2.Final}
[WARN ] 2022-09-19 10:25:31.431 [main] deprecation - HHH90000012: Recognized obsolete hibernate namespace http://hibernate.sourceforge.net/hibernate-mapping. Use namespace http://www.hibernate.org/dtd/hibernate-mapping instead.  Support for obsolete DTD/XSD namespaces may be removed at any time.
[WARN ] 2022-09-19 10:25:32.098 [main] deprecation - HHH90000012: Recognized obsolete hibernate namespace http://hibernate.sourceforge.net/hibernate-mapping. Use namespace http://www.hibernate.org/dtd/hibernate-mapping instead.  Support for obsolete DTD/XSD namespaces may be removed at any time.
[WARN ] 2022-09-19 10:25:32.117 [main] deprecation - HHH90000012: Recognized obsolete hibernate namespace http://hibernate.sourceforge.net/hibernate-mapping. Use namespace http://www.hibernate.org/dtd/hibernate-mapping instead.  Support for obsolete DTD/XSD namespaces may be removed at any time.
[WARN ] 2022-09-19 10:25:32.145 [main] deprecation - HHH90000012: Recognized obsolete hibernate namespace http://hibernate.sourceforge.net/hibernate-mapping. Use namespace http://www.hibernate.org/dtd/hibernate-mapping instead.  Support for obsolete DTD/XSD namespaces may be removed at any time.
[WARN ] 2022-09-19 10:25:32.161 [main] deprecation - HHH90000012: Recognized obsolete hibernate namespace http://hibernate.sourceforge.net/hibernate-mapping. Use namespace http://www.hibernate.org/dtd/hibernate-mapping instead.  Support for obsolete DTD/XSD namespaces may be removed at any time.
[WARN ] 2022-09-19 10:25:32.231 [main] pooling - HHH10001002: Using Hibernate built-in connection pool (not for production use!)
[INFO ] 2022-09-19 10:25:32.243 [main] pooling - HHH10001005: using driver [com.mysql.jdbc.Driver] at URL [jdbc:mysql://localhost:3306/employee]
[INFO ] 2022-09-19 10:25:32.244 [main] pooling - HHH10001001: Connection properties: {password=****, user=root}
[INFO ] 2022-09-19 10:25:32.245 [main] pooling - HHH10001003: Autocommit mode: false
[INFO ] 2022-09-19 10:25:32.251 [main] DriverManagerConnectionProviderImpl - HHH000115: Hibernate connection pool size: 20 (min=1)
[INFO ] 2022-09-19 10:25:33.080 [main] Dialect - HHH000400: Using dialect: org.hibernate.dialect.MySQL5Dialect
[INFO ] 2022-09-19 10:25:34.225 [main] access - HHH10001501: Connection obtained from JdbcConnectionAccess [org.hibernate.engine.jdbc.env.internal.JdbcEnvironmentInitiator$ConnectionProviderJdbcConnectionAccess@24fc2c80] for (non-JTA) DDL execution was not in auto-commit mode; the Connection 'local transaction' will be committed and the Connection will be set into auto-commit mode.
[INFO ] 2022-09-19 10:25:34.698 [main] JtaPlatformInitiator - HHH000490: Using JtaPlatform implementation: [org.hibernate.engine.transaction.jta.platform.internal.NoJtaPlatform]
[WARN ] 2022-09-19 10:25:35.101 [main] deprecation - HHH90000012: Recognized obsolete hibernate namespace http://hibernate.sourceforge.net/hibernate-mapping. Use namespace http://www.hibernate.org/dtd/hibernate-mapping instead.  Support for obsolete DTD/XSD namespaces may be removed at any time.
[WARN ] 2022-09-19 10:25:35.200 [main] deprecation - HHH90000012: Recognized obsolete hibernate namespace http://hibernate.sourceforge.net/hibernate-mapping. Use namespace http://www.hibernate.org/dtd/hibernate-mapping instead.  Support for obsolete DTD/XSD namespaces may be removed at any time.
[WARN ] 2022-09-19 10:25:35.222 [main] deprecation - HHH90000012: Recognized obsolete hibernate namespace http://hibernate.sourceforge.net/hibernate-mapping. Use namespace http://www.hibernate.org/dtd/hibernate-mapping instead.  Support for obsolete DTD/XSD namespaces may be removed at any time.
[WARN ] 2022-09-19 10:25:35.246 [main] deprecation - HHH90000012: Recognized obsolete hibernate namespace http://hibernate.sourceforge.net/hibernate-mapping. Use namespace http://www.hibernate.org/dtd/hibernate-mapping instead.  Support for obsolete DTD/XSD namespaces may be removed at any time.
[WARN ] 2022-09-19 10:25:35.252 [main] deprecation - HHH90000012: Recognized obsolete hibernate namespace http://hibernate.sourceforge.net/hibernate-mapping. Use namespace http://www.hibernate.org/dtd/hibernate-mapping instead.  Support for obsolete DTD/XSD namespaces may be removed at any time.
[WARN ] 2022-09-19 10:25:35.277 [main] pooling - HHH10001002: Using Hibernate built-in connection pool (not for production use!)
[INFO ] 2022-09-19 10:25:35.283 [main] pooling - HHH10001005: using driver [com.mysql.jdbc.Driver] at URL [jdbc:mysql://localhost:3306/employee]
[INFO ] 2022-09-19 10:25:35.286 [main] pooling - HHH10001001: Connection properties: {password=****, user=root}
[INFO ] 2022-09-19 10:25:35.288 [main] pooling - HHH10001003: Autocommit mode: false
[INFO ] 2022-09-19 10:25:35.293 [main] DriverManagerConnectionProviderImpl - HHH000115: Hibernate connection pool size: 20 (min=1)
[INFO ] 2022-09-19 10:25:35.343 [main] Dialect - HHH000400: Using dialect: org.hibernate.dialect.MySQL5Dialect
[INFO ] 2022-09-19 10:25:35.482 [main] access - HHH10001501: Connection obtained from JdbcConnectionAccess [org.hibernate.engine.jdbc.env.internal.JdbcEnvironmentInitiator$ConnectionProviderJdbcConnectionAccess@6c06b1bc] for (non-JTA) DDL execution was not in auto-commit mode; the Connection 'local transaction' will be committed and the Connection will be set into auto-commit mode.
[INFO ] 2022-09-19 10:25:35.763 [main] JtaPlatformInitiator - HHH000490: Using JtaPlatform implementation: [org.hibernate.engine.transaction.jta.platform.internal.NoJtaPlatform]
[WARN ] 2022-09-19 10:25:35.826 [main] deprecation - HHH90000012: Recognized obsolete hibernate namespace http://hibernate.sourceforge.net/hibernate-mapping. Use namespace http://www.hibernate.org/dtd/hibernate-mapping instead.  Support for obsolete DTD/XSD namespaces may be removed at any time.
[WARN ] 2022-09-19 10:25:35.923 [main] deprecation - HHH90000012: Recognized obsolete hibernate namespace http://hibernate.sourceforge.net/hibernate-mapping. Use namespace http://www.hibernate.org/dtd/hibernate-mapping instead.  Support for obsolete DTD/XSD namespaces may be removed at any time.
[WARN ] 2022-09-19 10:25:35.938 [main] deprecation - HHH90000012: Recognized obsolete hibernate namespace http://hibernate.sourceforge.net/hibernate-mapping. Use namespace http://www.hibernate.org/dtd/hibernate-mapping instead.  Support for obsolete DTD/XSD namespaces may be removed at any time.
[WARN ] 2022-09-19 10:25:35.949 [main] deprecation - HHH90000012: Recognized obsolete hibernate namespace http://hibernate.sourceforge.net/hibernate-mapping. Use namespace http://www.hibernate.org/dtd/hibernate-mapping instead.  Support for obsolete DTD/XSD namespaces may be removed at any time.
[WARN ] 2022-09-19 10:25:35.962 [main] deprecation - HHH90000012: Recognized obsolete hibernate namespace http://hibernate.sourceforge.net/hibernate-mapping. Use namespace http://www.hibernate.org/dtd/hibernate-mapping instead.  Support for obsolete DTD/XSD namespaces may be removed at any time.
[WARN ] 2022-09-19 10:25:35.975 [main] pooling - HHH10001002: Using Hibernate built-in connection pool (not for production use!)
[INFO ] 2022-09-19 10:25:35.976 [main] pooling - HHH10001005: using driver [com.mysql.jdbc.Driver] at URL [jdbc:mysql://localhost:3306/employee]
[INFO ] 2022-09-19 10:25:35.977 [main] pooling - HHH10001001: Connection properties: {password=****, user=root}
[INFO ] 2022-09-19 10:25:35.981 [main] pooling - HHH10001003: Autocommit mode: false
[INFO ] 2022-09-19 10:25:35.981 [main] DriverManagerConnectionProviderImpl - HHH000115: Hibernate connection pool size: 20 (min=1)
[INFO ] 2022-09-19 10:25:36.017 [main] Dialect - HHH000400: Using dialect: org.hibernate.dialect.MySQL5Dialect
[INFO ] 2022-09-19 10:25:36.130 [main] access - HHH10001501: Connection obtained from JdbcConnectionAccess [org.hibernate.engine.jdbc.env.internal.JdbcEnvironmentInitiator$ConnectionProviderJdbcConnectionAccess@20afd96f] for (non-JTA) DDL execution was not in auto-commit mode; the Connection 'local transaction' will be committed and the Connection will be set into auto-commit mode.
[INFO ] 2022-09-19 10:25:36.378 [main] JtaPlatformInitiator - HHH000490: Using JtaPlatform implementation: [org.hibernate.engine.transaction.jta.platform.internal.NoJtaPlatform]
[INFO ] 2022-09-19 10:25:36.446 [main] EmployeeController - 

Trainer Details

Employee Name      :syed
Emp Id             :1
Gender             :male
Qualification      :msc
Email Id           :syed@gmail.com
Date of Joining    :wded
Address            :kamaraj
Phone Number       :9123456789
Adhaar Number      :123456789012
Department         :cse
Trainer Experience :11
[INFO ] 2022-09-19 10:25:36.455 [main] EmployeeController - 

Trainer Details

Employee Name      :velu
Emp Id             :2
Gender             :male
Qualification      :msc
Email Id           :swde@gmail.com
Date of Joining    :edef
Address            :wdef
Phone Number       :9123456789
Adhaar Number      :123456789012
Department         :swderc
Trainer Experience :21
[INFO ] 2022-09-19 10:25:36.460 [main] EmployeeController - 

Trainer Details

Employee Name      :syed
Emp Id             :4
Gender             :male
Qualification      :msc
Email Id           :asd@gmail.com
Date of Joining    :df
Address            :df
Phone Number       :9123456789
Adhaar Number      :123456789012
Department         :sd
Trainer Experience :21
[INFO ] 2022-09-19 10:25:36.466 [main] EmployeeController - 

Trainer Details

Employee Name      :ruban
Emp Id             :6
Gender             :male
Qualification      :be
Email Id           :rubaaa@gmail.com
Date of Joining    :sde
Address            :sdefr
Phone Number       :9123456789
Adhaar Number      :123456789012
Department         :ece
Trainer Experience :11
[INFO ] 2022-09-19 10:25:36.475 [main] EmployeeController - 

Trainer Details

Employee Name      :prasad
Emp Id             :7
Gender             :male
Qualification      :be
Email Id           :prasad@gmail.com
Date of Joining    :sdf
Address            :sdf
Phone Number       :9123456789
Adhaar Number      :123456789012
Department         :ece
Trainer Experience :11
[INFO ] 2022-09-19 10:25:36.476 [main] EmployeeController - 
For Main Menu type Yes, To exit type No
[INFO ] 2022-09-19 10:25:40.714 [main] EmployeeController - 

		   EMPLOYEE MANAGEMENT PORTAL
 
		       TRAINER PORTAL

		Enter 1 to Add     Trainer Details
		Enter 2 to View    Trainer Details
		Enter 3 to Delete  Trainer Details
		Enter 4 to Update  Trainer Details

		       TRAINEE PORTAL

		Enter 5 to Add    Trainee Details
		Enter 6 to View   Trainee Details
		Enter 7 to Delete Trainee Details
		Enter 8 to Update Trainee Details

		      Enter 9 to Exit
[INFO ] 2022-09-19 10:25:40.715 [main] EmployeeController - 
Enter your choice
[WARN ] 2022-09-19 10:25:42.815 [main] deprecation - HHH90000012: Recognized obsolete hibernate namespace http://hibernate.sourceforge.net/hibernate-mapping. Use namespace http://www.hibernate.org/dtd/hibernate-mapping instead.  Support for obsolete DTD/XSD namespaces may be removed at any time.
[WARN ] 2022-09-19 10:25:42.889 [main] deprecation - HHH90000012: Recognized obsolete hibernate namespace http://hibernate.sourceforge.net/hibernate-mapping. Use namespace http://www.hibernate.org/dtd/hibernate-mapping instead.  Support for obsolete DTD/XSD namespaces may be removed at any time.
[WARN ] 2022-09-19 10:25:42.905 [main] deprecation - HHH90000012: Recognized obsolete hibernate namespace http://hibernate.sourceforge.net/hibernate-mapping. Use namespace http://www.hibernate.org/dtd/hibernate-mapping instead.  Support for obsolete DTD/XSD namespaces may be removed at any time.
[WARN ] 2022-09-19 10:25:42.917 [main] deprecation - HHH90000012: Recognized obsolete hibernate namespace http://hibernate.sourceforge.net/hibernate-mapping. Use namespace http://www.hibernate.org/dtd/hibernate-mapping instead.  Support for obsolete DTD/XSD namespaces may be removed at any time.
[WARN ] 2022-09-19 10:25:42.934 [main] deprecation - HHH90000012: Recognized obsolete hibernate namespace http://hibernate.sourceforge.net/hibernate-mapping. Use namespace http://www.hibernate.org/dtd/hibernate-mapping instead.  Support for obsolete DTD/XSD namespaces may be removed at any time.
[WARN ] 2022-09-19 10:25:42.946 [main] pooling - HHH10001002: Using Hibernate built-in connection pool (not for production use!)
[INFO ] 2022-09-19 10:25:42.947 [main] pooling - HHH10001005: using driver [com.mysql.jdbc.Driver] at URL [jdbc:mysql://localhost:3306/employee]
[INFO ] 2022-09-19 10:25:42.949 [main] pooling - HHH10001001: Connection properties: {password=****, user=root}
[INFO ] 2022-09-19 10:25:42.955 [main] pooling - HHH10001003: Autocommit mode: false
[INFO ] 2022-09-19 10:25:42.959 [main] DriverManagerConnectionProviderImpl - HHH000115: Hibernate connection pool size: 20 (min=1)
[INFO ] 2022-09-19 10:25:43.006 [main] Dialect - HHH000400: Using dialect: org.hibernate.dialect.MySQL5Dialect
[INFO ] 2022-09-19 10:25:43.116 [main] access - HHH10001501: Connection obtained from JdbcConnectionAccess [org.hibernate.engine.jdbc.env.internal.JdbcEnvironmentInitiator$ConnectionProviderJdbcConnectionAccess@16c9e378] for (non-JTA) DDL execution was not in auto-commit mode; the Connection 'local transaction' will be committed and the Connection will be set into auto-commit mode.
[INFO ] 2022-09-19 10:25:43.383 [main] JtaPlatformInitiator - HHH000490: Using JtaPlatform implementation: [org.hibernate.engine.transaction.jta.platform.internal.NoJtaPlatform]
[WARN ] 2022-09-19 10:25:43.411 [main] deprecation - HHH90000012: Recognized obsolete hibernate namespace http://hibernate.sourceforge.net/hibernate-mapping. Use namespace http://www.hibernate.org/dtd/hibernate-mapping instead.  Support for obsolete DTD/XSD namespaces may be removed at any time.
[WARN ] 2022-09-19 10:25:43.496 [main] deprecation - HHH90000012: Recognized obsolete hibernate namespace http://hibernate.sourceforge.net/hibernate-mapping. Use namespace http://www.hibernate.org/dtd/hibernate-mapping instead.  Support for obsolete DTD/XSD namespaces may be removed at any time.
[WARN ] 2022-09-19 10:25:43.513 [main] deprecation - HHH90000012: Recognized obsolete hibernate namespace http://hibernate.sourceforge.net/hibernate-mapping. Use namespace http://www.hibernate.org/dtd/hibernate-mapping instead.  Support for obsolete DTD/XSD namespaces may be removed at any time.
[WARN ] 2022-09-19 10:25:43.530 [main] deprecation - HHH90000012: Recognized obsolete hibernate namespace http://hibernate.sourceforge.net/hibernate-mapping. Use namespace http://www.hibernate.org/dtd/hibernate-mapping instead.  Support for obsolete DTD/XSD namespaces may be removed at any time.
[WARN ] 2022-09-19 10:25:43.542 [main] deprecation - HHH90000012: Recognized obsolete hibernate namespace http://hibernate.sourceforge.net/hibernate-mapping. Use namespace http://www.hibernate.org/dtd/hibernate-mapping instead.  Support for obsolete DTD/XSD namespaces may be removed at any time.
[WARN ] 2022-09-19 10:25:43.556 [main] pooling - HHH10001002: Using Hibernate built-in connection pool (not for production use!)
[INFO ] 2022-09-19 10:25:43.556 [main] pooling - HHH10001005: using driver [com.mysql.jdbc.Driver] at URL [jdbc:mysql://localhost:3306/employee]
[INFO ] 2022-09-19 10:25:43.556 [main] pooling - HHH10001001: Connection properties: {password=****, user=root}
[INFO ] 2022-09-19 10:25:43.562 [main] pooling - HHH10001003: Autocommit mode: false
[INFO ] 2022-09-19 10:25:43.563 [main] DriverManagerConnectionProviderImpl - HHH000115: Hibernate connection pool size: 20 (min=1)
[INFO ] 2022-09-19 10:25:43.624 [main] Dialect - HHH000400: Using dialect: org.hibernate.dialect.MySQL5Dialect
[INFO ] 2022-09-19 10:25:43.732 [main] access - HHH10001501: Connection obtained from JdbcConnectionAccess [org.hibernate.engine.jdbc.env.internal.JdbcEnvironmentInitiator$ConnectionProviderJdbcConnectionAccess@7fdff56b] for (non-JTA) DDL execution was not in auto-commit mode; the Connection 'local transaction' will be committed and the Connection will be set into auto-commit mode.
[INFO ] 2022-09-19 10:25:43.985 [main] JtaPlatformInitiator - HHH000490: Using JtaPlatform implementation: [org.hibernate.engine.transaction.jta.platform.internal.NoJtaPlatform]
[INFO ] 2022-09-19 10:25:44.007 [main] EmployeeController - 

Trainee Details

Employee Name   :ruban
Emp Id          :3
Gender          :male
Qualification   :be
Email Id        :swde@gmail.com
Date of Joining :wdwd
Address         :wdswd
Phone Number    :9123456789
Adhaar Number   :123456789012
Department      :ece
Salary          :21
[INFO ] 2022-09-19 10:25:44.012 [main] EmployeeController - 

Trainee Details

Employee Name   :ruban
Emp Id          :5
Gender          :male
Qualification   :swe
Email Id        :swde@gmail.com
Date of Joining :swdef
Address         :swdef
Phone Number    :9123456789
Adhaar Number   :123456789012
Department      :swde
Salary          :111
[INFO ] 2022-09-19 10:25:44.013 [main] EmployeeController - 
For Main Menu type Yes, To exit type No
